-3827
-5247
3366
806
-1373
-3958
-757
507
3305
-2574
4670
1083
5777
-889
865
4494
132
-11
965
-3387
-2162
1571
-832
-2812
6325
-2620
5027
4940
5949
3711
-3135
-3411
5613
-3184
-735
-14
2355
-2485
-6029
-1257
-240
3588
-449
2861
-1012
-6099
1088
1204
376
-289
3504
2844
-130
-2663
-4582
-1313
3041
-4865
-4758
5878
-1074
4202
-2417
-1923
-2980
3743
-2060
42
-912
-2336
2063
-784
-2749
1025
-6709
2770
-1787
-2773
2188
1581
-1226
-1648
-2150
-1336
5336
1309
-6027
-2365
3360
-163
6610
-2423
3366
-4815
5004
7645
-1673
-1824
5193
3248
6707
-1397
-557
-3353
-7731
632
503
4164
4919
-3517
2915
-1036
-3064
5932
3532
-389
4351
-1608
-241
-6
-423
4405
4965
-3983
5853
-6642
-7039
-219
3142
1306
7598
-3341
-1960
-977
-4051
1565
4961
-836
-7401
-6035
3131
-3789
3832
2104
-566
566
2467
-441
-5116
1824
-6724
-1758
-748
757
-7286
3935
3080
-2493
-364
794
3806
2991
-3806
1362
-5649
1307
-5858
-4105
804
-2432
4817
-3501
1298
5080
-4084
-5540
3711
2400
163
7054
7031
1457
-3476
3050
-2099
1528
2186
2778
69
1098
-793
-4679
-690
-827
3370
-1892
-3709
4847
-1330
5130
4509
2654
6143
729
-3796
2415
3868
-6257
-3549
5036
-6209
995
845
-568
-1326
1280
-1647
2015
-1881
3734
-36
2758
-728
3268
-1611
1753
-5267
-201
202
3974
822
2013
4506
873
1823
-2744
2431
-758
219
2714
1448
117
559
-199
2530
-6958
2788
674
1079
-5293
-947
78
-5200
-2337
-811
170
2787
-2158
-4167
4151
3447
-2410
2325
-2694
-702
4235
-2217
-2265
-1754
980
-1939
-180
3198
-1252
-287
697
6444
2496
-5856
-2986
2166
3863
-578
-6803
-1320
1265
-1461
-902
-589
-1077
-5494
3725
2858
-682
-1822
14
6638
-5690
4237
4069
1011
1859
-1101
2348
-3837
-2473
512
534
3409
1079
777
-1113
2142
4056
5053
-4339
-4629
3103
539
3001
-5712
-1363
-2406
322
-2401
680
-814
1099
-5908
-1532
-200
2647
-1182
-1598
-3455
2459
-32
-3076
3768
-6566
-2324
-2097
-638
2247
4
5789
3236
-509
-1705
-4294
5478
-5030
6596
1164
938
-1027
-2347
2097
5801
-771
-1081
733
-992
-538
206
2901
-1045
-3470
-3413
157
-4050
279
2600
911
2582
435
4328
3953
-5361
-592
2896
-524
-1556
3891
-4480
2646
4095
-3518
930
121
-3459
-914
-4567
5965
-1478
665
2370
-4580
5235
4474
-4974
280
334
-5877
-2231
3278
1393
2393
-3794
-89
-7890
2587
-3936
364
1754
-943
-3762
2991
-1740
-665
3736
-7040
1096
312
1201
3576
678
2124
-4560
-4390
2484
1362
6657
-181
-5026
3737
4744
134
-5935
7980
302
-4529
3822
2917
2898
-2120
502
-2237
-7162
-3108
-1502
6764
3628
1786
22
5628
-6299
-2526
2683
4458
-3548
399
2045
-2606
4149
-6390
1023
2223
3716
-1926
-3546
-490
-997
-4015
3034
-2922
3519
-2626
535
-1966
3652
5547
-3260
3172
-5113
275
13
-4050
1808
983
-5032
593
-1366
-4090
5002
-6260
-2093
-1083
-1673
2641
283
-1861
4175
-6932
235
1039
504
-1308
-1758
5908
-290
6987
-1951
5719
1591
2303
-616
901
5461
-313
1258
3254
-1695
-2871
-639
1772
1608
-6144
1906
2842
-1035
-1252
-413
-6147
1196
6098
538
-4044
-1673
207
371
-4059
-2959
-1215
-1291
-4490
5800
-3818
-1369
4537
4084
-4374
1432
-4672
-2342
-3428
1357
4859
3706
3644
-7711
2110
814
-2515
4510
377
-2722
-745
1692
-2952
2321
662
-2473
-2646
-447
4915
4169
1164
3551
-4292
1546
-35
2206
3768
-7061
2834
308
767
-1583
-2229
-7055
-2152
426
2652
-155
-125
7016
894
3038
-865
1340
730
1235
-6426
-1591
3845
-1388
1186
-2208
4655
400
-347
-1075
1063
6491
6212
-614
1215
-4143
1126
370
-885
650
-5003
5784
-838
-4428
-5490
-5651
2900
3781
-3192
-5970
82
2089
1230
-2918
-2230
535
-2741
1793
-3220
1017
38
-4479
6234
6360
973
3580
-3345
3375
-802
-3082
-864
2275
-440
1381
3308
508
-7
-1983
1280
-4161
2327
-6119
-1706
834
1663
662
6542
-114
-5067
-3356
3310
2222
3574
-2168
-1821
1518
3511
-408
-5485
-4372
-3504
5811
-2889
-3017
-582
2032
1152
2538
6689
-2197
-4832
-2467
-5688
1980
-4650
-198
-2605
256
5652
1073
-2749
2023
-2269
-2508
-1912
415
-2650
2621
-3936
-7877
-2848
-64
4770
-127
-911
-2441
-3127
-5173
3230
2322
2489
-6755
-5747
-1028
5198
582
3013
3969
523
5129
-6921
2326
6042
-7763
6439
-5680
-1815
-3731
-4021
5325
-434
2434
7383
-6398
4414
-1173
-810
-18
-2473
228
-689
-6084
3274
5806
-1057
-4337
5297
-2166
1599
-7266
460
-2059
3546
1139
-2172
-315
378
-4211
-847
-219
71
-3944
-46
370
3954
4749
-1395
2530
-4094
-2847
7251
1564
-2902
-998
3777
-2911
1895
-4136
3551
-111
3250
-4748
433
1921
4262
2693
-1238
1423
6407
329
-6211
1092
4592
-252
-1221
1812
2501
4361
668
-2263
-5303
2399
2101
-1895
-2798
-4247
-775
434
-3408
230
-188
5432
3980
-699
-3102
-3734
6828
-834
-4624
643
803
2638
-594
2745
-2167
-1499
-3166
4389
967
-1331
-5568
-150
-44
-2666
2699
-7171
3089
3746
5388
-3653
-14
534
-4187
-2603
1287
-2965
2489
2534
6821
6110
3488
-1183
6227
453
5315
-199
-3486
-5397
931
-2292
-1954
-4023
-18
3637
-4761
-1892
649
-6755
-7178
660
5266
847
6172
-2905
1217
-2916
-4845
5711
6827
2014
-532
3396
1103
488
-1172
745
225
-881
-147
-5198
1935
4480
4048
-678
-4812
298
1090
-1585
-749
-1238
3055
-1515
1810
1163
-349
2689
-3550
5559
4927
1419
-3668
-1382
-434
4642
-1471
-3665
-6588
298
-4949
-1777
-4746
2754
-2293
-13
-6204
-4468
-78
-1294
4740
1805
12
5365
-2911
824
1468
3217
-3145
3928
-559
5604
-331
5907
4897
-2100
288
4903
60
5611
-220
3963
-2234
5286
-3746
1279
-4059
1532
2059
-3019
-5045
-7699
2350
-1871
5247
-1118
-1590
-1016
6379
2962
-6798
-3246
-282
4979
-3463
-2134
3472
-1776
-6050
1952
2149
-1070
-3589
1364
-5559
-3554
982
4714
-789
-3378
3456
-4843
3046
-92
1327
-717
6170
3137
-4454
120
3200
1446
2520
-6109
-1087
5465
2175
-508
2167
503
5472
-2053
3217
280
-4186
-7232
-3509
4864
-3104
-1478
1429
1910
-3726
-6251
-3096
-2078
-1041
6346
1018
-621
2151
2540
1518
7249
1690
-4755
-7630
-165
-3594
-2444
-1037
-1866
1644
-3685
4173
6287
-3495
-514
-1849
509
-4090
-4595
2459
-1375
-2324
6370
-1113
-5463
-5562
-1657
3230
-245
494
5492
-6990
-1012
-4982
-1000
-4468
3171
-2624
2829
2322
590
-516
4909
-4881
5405
1326
-3749
2011
-2314
-2533
2910
2407
-59
577
5229
2985
-1243
5641
133
-1021
2502
4100
-4005
-5636
-3202
-941
3422
-1551
960
488
2698
2339
-4919
-4189
-2850
7701
1632
2754
-1095
-6095
3927
2558
1504
5400
-5998
-2459
3831
2714
-1045
-2506
4112
254
-1975
3685
23
-2932
1579
-4149
-466
2591
-6050
-1613
2501
-2369
-4878
2855
-3438
130
1021
5076
1532
274
381
1148
-1481
2122
-162
3467
4803
-6377
2377
4146
-3210
170
-5871
5086
-4792
1813
-350
-1135
2198
-4802
-4640
-2184
5494
-1444
-5710
1225
471
1489
1386
-1694
272
-6970
870
3386
-6048
-3584
677
-896
-1928
1388
-35
2136
-3404
5883
1459
237
1764
-929
-4049
1153
5817
-79
2869
664
2776
1678
-4256
-5426
1928
-5176
-1719
1036
-5164
52
1548
3123
5044
-3068
-4605
1190
-2824
2689
3586
-1341
2614
5711
-26
-3700
5399
2210
2136
-4313
2781
-1229
-2360
7755
4219
1821
5814
1629
-3401
4584
-6400
2348
-3660
-7239
257
-1481
-1435
-2537
-3320
4628
-1786
-1756
-3643
3023
-3629
1904
-4328
-3847
2217
264
-1775
-2362
-3073
3785
5385
1928
3519
2843
-4344
-3802
-4848
5936
-154
2303
-3627
-786
1378
1136
-4560
340
-1676
281
3229
-997
-1637
-4255
-5634
3070
-3301
-1306
-5693
-5390
-2524
3345
1507
-13
-3948
312
-2649
6039
3669
-64
4758
3838
5176
-3688
-346
3455
1290
-2718
-2723
826
4420
-661
5722
-1518
1040
734
3822
784
-666
-2718
-3470
2274
6008
310
-3637
772
508
-4792
1011
-1905
-4895
-304
-1369
-1971
-2184
3954
1062
2241
-1947
2807
4499
-572
-6354
189
3894
797
-3444
-1920
271
4015
4285
4514
-1336
-1426
408
2747
2657
-5498
25
-926
697
1269
-2833
-2884
1984
-1167
4408
-1258
6375
4567
-2044
922
-453
4744
-1830
-471
-949
3607
7355
-2188
1169
-493
7310
-1268
3309
5637
2531
-17
-1263
756
5813
-1176
-4013
3825
-2917
1810
-212
1563
672
948
-633
1303
-1199
6228
-2254
-4878
-5881
7005
5470
-3883
1360
-3722
-2300
293
2132
2420
1460
2707
1549
-4205
6191
-364
-4977
-1667
2085
5020
1276
-6816
-3686
-4933
110
1149
3366
4284
-9
2067
-1725
4339
-283
-1944
1972
8053
908
-1679
-3228
-4151
3913
-2462
-5123
913
958
5921
1073
466
-3926
-45
-177
3613
183
-6924
6326
-740
2541
-4081
-1233
2720
-3926
-3376
4364
4850
6204
840
-632
4824
2229
587
-1112
1017
-938
413
5280
1222
-3617
2880
-1916
-1876
1750
2709
-593
-4566
5916
-7156
-3490
5794
1790
-1600
-2646
2470
3307
-3775
1591
-1175
-1607
-3394
1754
-316
-1563
2992
2506
-5165
1288
-1847
1860
4057
1676
1721
-1704
-2150
2548
646
1204
3854
5518
-154
2210
-3320
-138
-475
-299
-2798
5051
-2490
-351
-3074
1815
4971
-3180
906
-135
-2599
5778
6798
-4421
-3021
2045
634
3533
7080
-684
3023
1072
6158
527
3590
7299
2344
-1458
-292
3206
152
1468
4368
3813
587
1668
-2790
699
-276
-1788
-6788
133
141
2100
-2927
2360
2126
138
-604
-613
-1104
1331
1936
2887
-6284
-740
-2855
5283
767
3128
-271
-2175
-1016
3021
-1404
1926
2055
4443
-3760
-1548
-6319
7471
-3926
1854
-606
-5176
6407
590
3656
-2269
2992
-3053
-6328
-3681
-283
-1114
81
712
-5099
4437
1454
3874
4546
5693
4398
-1577
-1176
1371
3935
-331
2926
-6328
3373
-959
-975
-4585
-2313
1151
-4586
-1414
5461
5327
-804
-5316
4496
-632
3119
-3161
-6927
4616
-453
6019
3112
3537
3030
155
-3099
2542
-4705
-122
6350
5620
-857
592
-360
2811
-4551
-175
3238
2161
-1122
1719
-562
2671
342
-1007
1955
4557
1400
434
2449
-2394
-1974
6548
4607
-768
-2388
441
4946
4152
1100
5228
1299
3358
6718
4474
4682
397
3502
-4615
-465
-672
903
-1206
-1970
-5270
5664
-5535
-2190
-3210
-6262
-1022
-1375
-5637
134
-3636
1336
3560
-833
2448
1760
309
3201
5528
-282
-2916
175
-2821
5196
-4337
-783
-3220
656
-5561
115
-58
-3796
1720
2286
-1324
-6952
1955
1131
-1452
994
-5126
-904
-1098
-4467
-3476
-6104
4819
2757
-1560
-2184
-1185
973
1952
2225
4213
4976
-1267
-2573
1199
-4058
-3055
-521
557
-856
1498
6410
-1147
-188
2047
1214
5175
624
3199
3942
160
-1713
2136
-5941
381
-2556
1548
-1082
-3768
949
1548
5820
-1727
7172
-5553
4528
508
-752
-598
1876
-1126
-7393
2791
1915
462
-3371
22
-241
-1716
-5076
4222
-982
1963
-244
-3709
1077
-2269
-1662
-3103
-130
1068
-4996
-1782
-4224
-4641
-3916
-2953
1735
-6409
277
3189
-4973
7467
2447
5722
-1688
-914
4142
990
2341
2882
-2708
4427
-750
307
-1564
1967
-540
-1626
-980
-6348
516
-2172
-41
-751
-1908
-2105
3251
7421
-405
-2366
-4356
-5927
2936
5762
4541
1446
1930
-1168
-3139
-5507
-2612
-3259
810
5916
-4976
-2868
3682
414
2119
-3279
3315
-1024
-1343
116
-618
-4318
5970
4
-173
5284
-1355
4439
-4133
-954
292
-847
2189
-4444
2995
6086
3285
-5318
-2431
-1583
2967
-2103
2914
2425
5687
669
-5242
1631
-2854
6402
-2927
-2984
3696
-2645
2428
3177
2115
7808
3820
-2635
1751
-3532
396
-4979
1301
-2008
5778
5899
4184
-7470
-4584
6830
-763
-832
-2886
-4186
-1574
1990
4149
-382
-1702
5466
2054
-5824
991
1381
-2796
4472
-4413
-153
5195
1790
2111
5726
-3584
1623
5593
-1064
404
1127
4313
3270
4701
722
-5359
2026
-1655
-7913
-780
6783
2214
1703
4035
1850
3796
421
-1053
-3470
6762
-938
-90
-5299
-596
-963
272
-638
3134
416
2746
4505
-3672
3086
2663
-5617
-190
-5496
2566
-1641
-539
-4615
1113
-2369
-4081
487
-13
-2603
823
2428
1922
-6775
1099
2661
3458
-888
-2776
-3469
-6345
1678
2304
-960
-1913
-1799
-2277
-2749
-2263
-3370
-2012
-1903
-1810
-2882
5032
1817
-5813
2098
-123
3985
-2197
2096
-2941
2970
-2889
-3789
2940
-3595
-2908
576
1008
-372
-2150
2259
3880
3943
-4405
997
-3195
-1122
-2115
1611
-3879
45
1971
-2926
-1831
629
-2245
35
-1964
1069
3387
-1469
1717
-1441
7558
-1016
2653
3069
-1087
-251
-1220
-4468
4011
-5437
-4709
61
-4371
2994
4545
-3810
-3529
-5298
-721
1732
-3120
-903
2974
-5908
-2459
1213
-3060
2412
-918
1458
5856
-1063
-3647
3708
5850
1997
-4668
331
4994
1529
6556
261
-1450
46
-582
7222
-3405
1697
27
-1838
-1071
-163
-3896
1770
-1199
5143
376
1056
-1112
-4089
2751
-1635
-2104
-1159
3336
-951
-4653
5461
3542
990
-7718
-7516
-1888
328
-1679
1056
5431
-1683
-1274
3296
2146
-3511
-2033
3157
380
-3199
4252
4753
3381
-4460
-620
-4539
-1395
1071
-3133
5630
-6041
-6268
-2121
-4867
1973
-289
-443
-7558
6228
1157
-2408
-3680
2258
-1085
-352
4288
-7061
3652
-4721
-2628
5612
2664
4280
1744
2649
1707
-440
3037
5512
2410
-2258
1225
7828
-7194
-3795
-4898
5020
-1
2740
1193
6534
51
6262
3071
1507
1813
3799
4499
-1637
-6088
380
-1580
6323
5820
3635
2390
3674
-3348
717
240
-4639
1515
-3605
972
5203
3563
202
-2852
4815
-3236
5875
2921
-3523
-692
-5056
2012
4355
1994
2758
-1685
2579
-875
-2010
6017
1230
779
4940
-6976
-4292
-2989
-4385
2127
924
3519
3171
6199
5173
860
-764
-1639
-3812
-779
-656
7696
2325
2026
-288
655
-6049
2860
61
2989
-1738
852
-1213
-639
-4622
2154
4077
1213
-3433
1265
3069
-1971
7812
1519
3022
7084
1334
-2199
-692
3374
4634
6508
-1932
-2605
938
-3856
736
-2563
-6121
-2224
3210
-507
-7272
4119
-6663
-1482
-4784
4297
-5371
-2905
-2571
-347
-6058
-1884
-802
-4092
-1049
-5659
3652
-2605
685
-2475
-4456
1990
-3088
-320
1433
1671
-2954
-6035
5886
3903
-1091
6651
3780
-1397
6812
-2690
-1565
255
3321
-4004
-4361
5193
-1235
630
3023
3474
-1998
327
93
1230
-717
5531
3570
933
6392
281
651
-6332
-2858
-2081
3761
3097
4220
2042
6559
233
-2656
-3595
-2278
6035
-898
-2667
-1594
3230
-2052
-1375
-2102
2752
993
833
1889
2112
1530
1081
1111
5118
-127
-5417
-4693
88
-2145
3423
-3351
-3812
-1268
-2257
-827
-98
-1005
13
-1149
2217
6327
-1949
-805
-322
2600
1282
-4157
-7303
1162
6062
1152
1410
2599
-5126
-2131
1425
-1434
-280
-1384
3288
1729
-6556
-1466
-1502
3220
3439
4720
2935
-1837
-2308
1734
2208
-564
-2623
-824
-2470
-2018
7269
4843
842
-1705
-2487
955
6814
-38
-4149
-4810
-6152
-5628
-1455
52
240
1507
517
309
1682
1969
-4058
-3397
-4866
1072
-2025
4291
-2977
2620
-3408
-1842
3131
2870
3761
-1001
478
-5147
-3097
5527
59
1010
-1232
-525
8
739
-6045
-1784
-5564
268
-4249
4123
-165
-3242
-4558
-815
1545
3402
5171
6471
1391
-5109
4577
187
-4108
1733
5881
4569
-3873
4482
1011
-1578
1528
570
180
-2479
-2011
-2566
727
1638
1161
5641
3297
-6203
5708
-3670
-575
4273
-1589
-621
-3172
-3881
3758
-728
6092
3224
4283
-1890
6541
-2696
3128
-70
-2520
-45
-4008
3985
-4117
1980
-4397
4754
-215
-5553
-2299
5597
1738
73
5667
4896
-357
-5542
-3830
-3157
1252
6064
-1984
-1691
750
-574
2318
98
-1629
8075
6036
-711
6468
3025
-2068
368
-1846
498
-3297
874
-4324
-2307
-3322
-672
1734
1540
-1404
1831
5997
1274
6325
-315
887
-5049
1000
866
3147
-670
522
67
3952
2344
-2801
-165
4058
2289
-681
-1356
849
-3
-1180
3470
355
-4596
-652
3196
2874
-716
3250
-5294
4639
586
1238
3684
6639
-1872
-1099
1194
-1465
-1720
1705
4078
-5496
-582
-3546
67
-2275
2852
724
116
1328
-69
4326
5658
-5017
2393
7040
-5252
4690
567
1769
3647
-4488
2851
-3391
-130
3482
-4354
1817
3152
-2150
-1493
-406
-889
-1959
4305
2456
817
-395
-254
489
4824
2219
1024
-2983
-142
-4575
-208
2641
5190
2103
-6611
713
383
-3701
-2642
-557
1415
-6295
-3993
3543
-2612
5016
3157
-218
-109
-3276
-2991
-4470
-2084
3012
567
2891
-6015
4658
-937
5228
-3874
4662
-1562
7344
4682
920
-3192
1519
-308
-5038
-2851
159
6997
-3467
-337
-2131
-611
-4412
89
2202
-785
-1051
-4723
-1152
4463
-2498
-4642
-1816
4081
-2657
1665
360
-2969
411
2435
4211
4769
-1022
-2047
-1619
31
-3057
868
-1445
3620
-3493
-4854
-65
2601
-802
-3631
-1777
-739
-3092
-2922
1074
1238
2248
-3358
-1287
-3913
-2264
7014
1644
-2524
1250
2378
-1307
29
-3580
-688
-3938
-2159
-54
1172
6116
-1017
6290
-3483
-4662
-1709
-4206
4554
4712
1901
743
-4175
1501
-3643
3276
3400
-1597
315
694
2729
2243
-1043
-2437
-5191
-4253
718
-929
-2476
2664
965
-958
-1225
-737
259
-272
-2844
4546
-2653
-3513
1450
-1212
5292
-2353
-1517
799
999
-4174
1035
-257
-2941
4284
13
1925
-2895
5461
541
-1473
3750
-2745
-6017
-6948
4444
2078
3391
-5009
-3496
-2399
1822
-3859
1305
516
-7007
3353
-866
3635
-2156
-6011
-656
-349
1707
3726
4367
2578
-1303
1085
-2044
-5548
-1412
3722
3458
-5261
-1201
-4533
-3944
-7700
3056
-1730
-3480
1551
830
-2142
-2149
1027
-4887
2250
2463
401
-2456
1540
3084
3087
-2329
-736
2314
-1988
3031
-3639
-5252
709
-3839
-23
-183
-3077
-5084
-2122
13
-1595
-1376
1445
5116
4118
-5599
-7177
68
-1032
-5123
-714
5977
-2892
-5712
-1174
-1928
23
-3007
-946
4450
-5
-7391
-4395
6410
-6067
-1781
3914
-7115
955
2885
-3974
2069
905
5694
-3342
1718
64
-4295
-635
-2028
-522
3423
-2148
-6526
-1380
-3321
4730
-604
2354
2287
3620
-741
2202
3445
-2266
-4403
4120
4682
690
1400
2907
2909
-23
-71
329
-2828
872
3519
663
-6650
-6900
129
-2546
-3171
1122
-867
2921
-3917
1416
-2287
-1853
2155
3934
3531
-2321
-4611
-632
-4612
-4375
1734
154
-4805
4808
-3731
4726
-923
-7441
-3680
-664
-3696
2092
-143
-7113
-3893
4756
-6548
454
7349
-4640
-378
-2028
-2554
1859
5025
-6806
-5139
2363
3579
758
-390
-3981
4704
-5654
-1998
-4949
-4835
-2981
-1535
-4136
6895
3373
2402
-1847
-4619
-5304
2066
3277
1078
1309
1264
2619
-1448
-4924
-2589
1804
-3318
200
999
-6935
-5133
-3925
4937
-4562
5153
3436
-5448
-2893
2752
4379
-4189
2884
2545
-23
-1997
4147
90
-249
4707
-34
-1063
-6835
1596
5035
1569
6330
1849
794
-1190
2799
2361
3709
-3564
592
-1802
-207
-4723
2267
-252
4611
-2336
-4881
-105
-3393
-4251
4726
-2426
4363
-1645
1213
-4758
-7432
-1616
982
-3687
2024
6836
-2259
-5489
3493
-2772
1040
-3580
2987
-158
1377
-193
1850
-4503
2166
-2915
-751
-4123
937
-494
1010
3713
-16
-2645
5233
-1106
-7385
3018
-3981
-5862
2478
-3146
421
-4161
-4445
-3318
-4224
886
3077
6272
-5052
-4737
3837
-1500
10
-4410
2667
708
3446
-270
204
1560
-225
-2157
-2248
6136
-1418
1362
-2162
-844
2256
755
-1060
681
-202
-3594
2043
-1083
3075
3480
931
3775
2864
2656
638
2823
-215
-1651
-1423
-1071
1317
-1376
-3138
1189
-5179
-431
-899
-1550
-2834
-6883
-1048
316
-2097
-1665
272
1752
-5382
-1202
-3005
-3700
-1742
-1500
-910
-1209
3657
-405
3915
4009
693
-2852
-7237
-2152
-4925
1372
4348
784
-5075
3788
936
-2033
-5909
-1278
2190
5153
2487
-5492
-3057
4516
182
3048
3354
-4170
1129
130
-2423
-101
-3257
-6288
4301
-453
455
3942
-4142
-36
442
1296
-273
-3450
6604
-2226
-130
-235
2564
6648
-3457
5649
3761
2392
2953
1965
-6707
1536
1728
-1536
-331
1336
788
949
2842
1903
2929
-5240
3956
2194
5643
-1499
-6207
-513
-629
-2464
-3000
-360
-3759
5973
1049
-110
1796
2389
1365
-2624
3628
-4445
1521
787
-4299
-543
-542
366
258
-333
1771
-1640
3381
-2579
6084
-3999
2846
-1683
673
2081
-1927
-2858
-5556
-2916
3894
-63
-4484
1210
-2105
-2459
-351
-4749
-4719
4167
-563
1065
-3083
-663
-4708
-5745
-3536
-5982
-4181
-926
5177
2388
511
-1600
3326
4362
2850
-779
-5732
-2753
-3788
657
114
-6596
3300
-1478
71
-544
-296
-1629
-1353
3946
-4668
-588
-4894
1848
983
-4642
1106
399
839
1356
-2364
-3579
-570
-703
-288
-3024
2134
-2075
-2656
-2404
-5147
678
-4802
-7425
1385
-290
6269
-824
-3410
1684
-2135
-3748
-4526
1681
-699
6987
-1728
3151
7507
-2122
5503
2832
-1238
215
-3462
2192
5652
3868
1865
418
-6274
-5426
-356
2545
-1794
561
4927
-2665
5458
-1827
-2698
-7449
-727
990
-1154
1235
5989
-1593
1565
-1328
-3618
-2919
4143
-4274
1246
2645
-3756
-221
382
-3850
4682
-548
621
3023
1440
4662
-1612
-4098
3581
2334
-3002
-2315
2673
-1810
5976
-892
-4383
1391
4766
-3789
-1405
5560
5556
3312
324
2945
2582
5137
-1060
-6395
4296
-1172
1469
1253
2420
2395
4999
-2021
678
1096
-758
4778
585
4275
-1524
-2345
-4549
4564
-4937
-1872
2553
3312
-1181
2110
-2327
420
-1860
2046
-5937
-3336
-1379
917
195
-546
4488
-7404
2284
-137
1029
-292
3620
1586
3737
6029
2463
-1938
-166
6238
-588
3257
-4047
442
-7211
3603
139
-350
5951
-387
154
-3529
-969
1156
-1030
7181
-63
111
2030
1120
2314
115
1206
-101
-1232
712
-3796
-178
-489
-5568
-3325
5464
-4983
834
-3140
-1342
2057
-5971
1830
1348
-3066
-980
1461
4810
4506
1243
-4324
-2412
5828
2417
5261
1585
-842
2632
-5161
-3479
-1171
-567
-5409
4190
1759
-2540
1599
2739
-1805
3131
-2540
-3262
1589
-413
1860
-3341
-4066
3654
-6945
-45
5551
6392
-1678
3027
-1437
106
-2374
-2327
2899
1512
-5316
4341
209
3419
5907
1985
-1226
-1161
-6484
4503
4281
-5821
4612
2338
-1985
2208
3194
-2031
-3692
505
-2309
-349
-3162
-3386
615
269
3658
-1982
1633
4470
30
2039
5231
1413
21
675
744
-2643
4307
6451
-1647
371
-3444
-2008
22
-1822
-893
1803
57
-359
-1678
-819
35
-4736
-2575
-5965
2264
-2327
680
1554
-827
-6592
3166
-6435
-2509
-1640
2126
-3188
-423
-5335
526
116
-4762
-2755
939
-4701
-4280
-6578
1251
-3745
4539
-150
-1018
-1047
-36
1010
-5334
3299
-977
-3407
-2665
1219
6861
5188
-3633
2969
-6189
1027
-2610
5858
-2352
-1129
6730
6673
439
-2416
-5684
864
3824
5448
-1648
-3212
-2583
2482
3292
3844
4383
-4749
4775
-2061
-2337
-3079
-6361
78
-36
235
-1983
-2666
215
2663
3359
5200
-6004
-6645
-4815
2356
284
-1786
60
-358
116
949
1463
4299
7208
4459
-4948
651
-3827
-2147
-1485
1522
-2523
-3428
1413
3181
-2957
-186
1053
-1792
1099
-1676
7339
3553
495
-4215
-572
393
-5220
2497
-1361
-813
105
4742
3856
-2099
6502
-1114
191
-726
2004
-2400
-1146
-1849
-1800
758
-2504
-1663
2621
-838
-666
-1844
4782
6157
1685
-3537
-1634
811
7144
-1306
1839
756
-2924
-1228
-3797
392
-2150
3552
1712
-5410
698
-1516
-513
-21
-75
-6025
-2255
5238
-1600
-812
4894
-4086
-1631
-4251
-3727
-1353
-1460
-5062
-5097
-2513
1228
2173
3366
6499
-1229
4908
-3014
2191
-2806
-1328
-2606
1548
698
1725
-2859
-2849
-4676
1145
2380
4980
2498
781
-164
-4877
5600
95
-4811
6519
-4054
228
1407
2624
5230
4696
-385
-1778
-113
-2840
-51
-7726
-4241
1278
-639
1055
-5969
488
-5920
-2630
-2376
3756
-5424
2874
4761
-6236
-2213
2414
1659
4080
3651
5576
-2187
-2546
-1479
3710
6824
291
-3026
2774
4269
-1807
-3750
1856
277
1286
-4278
1815
2611
-2390
-296
1139
-4562
-490
-449
4604
-4990
178
3699
538
2607
3311
2082
7548
-6054
3550
-4497
476
-3734
2711
7
-7705
118
-574
1380
-3556
-3283
4198
3939
-6318
-3346
-7248
-1097
522
-35
-584
-2727
-1497
1897
2097
-4689
3130
2602
-3142
-7210
-875
-362
4041
-6401
-87
-6230
288
-1664
2836
-957
-2996
-1631
-4095
-7778
7050
4853
4168
-2279
-2039
-737
-1571
417
2994
-2686
-945
-1166
3155
-5106
620
-1401
1718
7475
409
-5510
1333
-3760
4645
1221
-5362
-2647
-7009
-2414
-5790
228
1495
2277
-7542
-2890
-5082
-167
-1432
-7230
-1186
653
-3412
-1255
1390
1991
3735
5435
-6121
6795
-3756
-4213
4788
7430
-2921
3283
7346
361
-975
3951
233
1380
-4964
3481
-2548
-3322
4431
370
-2389
2026
1232
-2813
-4450
1710
-1319
1368
4174
1759
-3805
-7437
-2050
5348
-2848
-7
-1408
5434
0
-2190
2481
876
-4634
-843
1670
-1203
1309
-4068
-1963
205
3812
-4717
3347
2801
512
1962
-1426
893
-3121
-3976
-248
3004
2047
-5468
-2573
-1154
3729
5859
2983
3562
-3499
-2732
4420
3140
2968
1989
5076
-2454
-76
-6433
-647
3055
2908
5179
-4141
88
-1552
-1814
969
682
5047
-3263
4441
-5889
143
-1305
2590
3506
-3830
5313
1588
859
-4600
7274
-3241
3761
6178
4689
-1072
4754
-1581
-3390
-3433
3494
676
1155
-763
-1675
1090
35
2771
-2607
-120
208
221
-1977
1405
-4243
2155
1298
749
-1444
-3810
-3728
4019
2639
3701
-1470
4333
305
-809
-4530
2789
-916
2574
-5344
-222
-469
6314
-2580
1370
352
1835
-2434
2352
802
5326
-7694
-833
3663
-712
3838
2328
1145
1436
-2197
522
1574
-1222
650
1662
-528
-4799
3615
-448
577
6842
-763
3076
1972
396
368
-1262
7839
-1715
108
-261
2319
4915
1084
-994
1440
5684
-4290
5018
1026
4226
-1711
-6652
35
-384
-3880
1161
2333
3720
702
5797
-1260
1761
475
-6537
2168
-270
445
2907
911
475
-5293
1995
-1241
-678
5128
-101
-6210
-5268
-9
-697
3439
4858
2589
-6243
-6527
1922
-3936
4821
205
6065
-57
2394
-2955
-2311
-2514
776
2426
-2392
3368
-1331
7044
2000
2993
6262
935
-3724
6978
-1178
4693
-80
-2433
-3702
-5199
2790
-404
4081
-3128
-126
12
-2458
3678
-291
3079
-1169
1965
2312
-2131
-512
-1135
2681
-530
-5306
5109
2066
3043
-80
2704
13
-1753
-4661
-1037
1007
5240
-2579
1724
1098
524
-5643
3666
-6271
1948
3448
-3984
2089
1847
-4706
178
5772
-2876
6555
1581
6903
2449
2554
-536
-2010
1430
-4756
1077
-193
-6469
-2044
73
-2510
287
-852
1848
4213
5018
-1933
3325
-2054
1483
5177
1196
3823
-2639
-5528
4858
196
5946
1239
5278
3102
-1936
2320
-4098
-3653
5392
2993
4776
-2962
7230
5433
-4088
202
2592
3595
1225
-6598
-3156
-1741
-2194
-1138
-2218
1760
-829
-4177
-1641
-477
90
3372
4200
-4122
3184
-1138
4633
1460
4121
270
-1059
-1776
-1008
-2928
-2798
2302
612
475
-867
1247
-44
1804
1137
-2949
-4067
2174
3505
362
-3396
-2282
-2840
4036
-5148
1902
2156
143
2843
-2107
2013
6005
6203
-6969
2284
836
-6735
-1302
4756
1112
-4659
-6242
384
3779
-1228
-3393
1534
4688
304
-4978
-4178
-2658
-7189
-699
3589
-3274
3368
-2282
-3110
3269
2004
1140
-477
7531
2244
902
-176
2605
-3975
4766
-7434
1617
-3037
4354
-1617
-1694
5179
5315
130
-598
3145
4913
2841
-3224
3454
-5692
-848
507
6926
-3173
-3511
-1932
653
-1534
-1628
-2645
-1661
104
225
-3402
51
-1864
-210
-4715
-4129
4695
1053
-976
4732
1508
-388
6956
5280
-2307
3427
-547
945
2411
820
-1020
-913
951
-3083
4173
-663
4465
1039
-199
3250
256
-6147
-6921
4008
-4546
-2036
-4486
1416
1318
-5638
5854
4323
-6827
1849
3500
4925
-319
-6274
5329
2605
-5222
-1511
-5890
-1233
-1135
-3816
4095
2483
4335
3192
604
-254
7196
-4410
-6702
2249
-821
3623
451
-308
3697
983
-74
484
-430
-3896
-1739
-1147
1681
2046
4951
-3393
2897
-136
6458
-4442
-14
730
5758
-1671
3120
-1419
681
-1332
1705
530
-606
4996
4605
-3767
-1375
-2930
5453
2358
-4867
-3983
-3286
624
-3875
1006
-1646
-635
5642
6108
-6322
-1008
-5737
-115
-6718
-4316
-2348
-6266
6116
273
2497
-2970
2210
-1168
-2029
563
-5225
-1626
1470
2933
7623
3224
1011
-3423
-5932
-972
4051
-4038
1553
-288
3827
-1277
3354
-3075
3680
-3304
3507
-5026
-4546
-7532
2137
3269
906
-3133
2304
624
-7612
3384
-891
1946
1892
-2180
-5434
-1786
3699
-305
396
1373
-1575
2368
411
1945
2347
-3894
-1579
538
-1336
-1016
-2468
2154
-3204
-61
-74
3315
-2577
-4583
5128
1819
-4348
5379
-849
-2252
-1153
3841
5494
14
-824
1739
170
-2425
2141
1520
-1456
3519
-2261
-6037
1935
-5714
6504
364
-3218
-3895
-2243
-6106
-96
-6372
-354
5143
3989
1414
-205
-4847
-723
6712
2637
-350
-1916
2625
-878
-4887
-217
-2741
-3657
-3217
-1443
7528
-1558
2490
-1074
-2474
-3914
4851
780
201
-2693
5272
-1489
5072
3029
-2828
-1435
-6944
-2309
1350
-2208
3286
-2220
1727
-5709
-4961
2676
3054
301
2001
4809
386
-1483
5339
-5015
5047
-5935
-84
-4419
-2838
-119
-1152
611
-1666
4033
6651
2892
2252
557
5841
6574
605
2071
478
1335
2606
-58
1192
4856
-5658
181
-4982
727
-6229
136
-3689
-2546
167
1338
4744
297
-2196
-628
-1545
-4865
-6868
-595
571
-2919
2249
1781
-3509
6473
-4842
-1307
835
1544
-258
4764
-3855
-5967
-604
-4446
-87
5599
1326
2979
-21
682
4332
2527
-4996
-2367
1578
-4484
4494
-1629
2643
-2633
2586
2476
2893
5686
-2171
5706
-779
-1529
4500
-903
3433
2891
-382
5370
712
3840
2774
-1316
-1892
3063
530
3362
7107
1322
-2506
921
5085
-866
2974
-5714
907
2752
-3460
3806
5101
-1528
2188
1512
-27
-974
5945
5872
-299
1269
2790
2643
2085
-854
-4253
-913
-435
-1794
-3102
268
668
3591
-255
1864
910
1555
-2452
2127
-4063
-2017
4760
-4646
-730
1945
2142
-3741
1523
3898
2403
724
-448
2810
-399
-599
-810
-3359
351
1247
6541
7183
-4422
-2014
-3378
-3659
-4481
898
114
4265
1322
4045
-6312
-4530
-2310
4191
1034
-2744
4365
-5658
-670
-217
2377
-2244
-125
6901
2461
-4673
1994
-4598
-1093
-371
-300
628
-371
-276
-365
-1646
329
-3110
-3391
-5246
1396
-295
2782
241
-3545
2831
-3925
5062
-1165
-816
107
1151
6801
1262
-4593
-3986
2905
-2819
-1099
-3788
-2610
-7810
4060
-839
-133
-37
2831
522
1197
-2987
-5010
-75
-5275
-1798
-2122
2175
3248
2047
-796
4431
-1583
-4458
-108
-1192
-542
-2342
6275
2816
5818
1219
1813
-4022
2774
-4050
5430
-3999
-2397
3537
-373
-6285
-2156
-1854
-1716
5163
-5332
2799
-1579
-376
-444
-5523
-792
1829
952
-6755
912
3240
-5458
429
1478
-6221
-1431
1968
-2175
-856
4095
-6419
586
-6083
335
2391
-5454
7799
6815
4385
1696
5325
-5196
-3713
-3912
-226
-2315
-2940
-3028
2217
-2967
-4083
1368
-1031
4129
2081
-4524
170
-271
-4584
-4894
-965
-1763
-412
-825
-867
-538
7
295
3761
-1503
-5695
2473
3513
-817
-2954
3135
-520
-1573
-4752
5540
-2044
-621
-618
7112
2452
-751
5208
3891
1811
7411
1409
-5058
-2261
-1866
-5676
-1726
-2017
-2553
-4589
1022
-2699
1571
3863
2240
5580
-3212
2778
1010
-247
-3578
-1811
2253
1177
69
-2741
-2526
890
-4438
64
421
-4329
-2703
-5801
2114
-34
2286
2920
789
3938
2749
-346
-3613
3146
1180
304
-5981
-955
564
-3158
-6900
-3511
1295
2264
-2927
-113
-5386
0
939
2778
-1591
-606
3169
120
-46
1045
4425
-989
-1195
-3868
-1160
-2792
25
-1592
-6663
5771
-5503
-571
2607
6739
3796
-68
3079
4787
-2646
3925
-4179
5649
3328
-879
4213
-1862
-5904
-4326
-688
974
-2327
2970
2406
-2652
-1356
-267
172
-3439
4137
4701
-372
1431
-1210
2208
-1590
-4632
-178
5328
-1824
-3278
3576
-6128
-3220
4778
2936
-1520
1562
-522
5939
-280
1650
5727
3287
4855
-5696
5860
-3171
5399
4396
-1698
3524
-794
3879
5870
814
5267
2115
3300
782
2717
7075
-3563
-105
1558
-4886
-3872
5129
1565
-6942
1587
2062
527
962
-5162
1070
2838
-2260
5776
-5174
-3416
1252
257
5783
-3307
4806
-4298
-3697
-1391
2177
-7174
3637
3014
-2119
-5343
-1728
-4719
-2675
2910
2005
-1388
-2082
-389
-2387
-4678
6174
3467
665
4845
1573
-1623
4603
1010
3325
-5714
-1359
-1298
2596
-974
-2678
-3582
-7926
-2847
-3710
-1599
1438
-4849
-4359
-3860
-971
-2787
-2892
6474
5144
-2567
5065
2858
1186
1465
1232
-528
1827
267
-6251
3731
158
-1587
3638
4637
-1558
-3323
-1281
-1172
693
6447
-4278
1924
-1344
3163
-68
2187
-2400
3369
-2484
27
5298
947
2283
-2164
-3891
2233
5997
742
2071
-417
-3290
2095
-1696
-2331
-5836
3957
6699
3333
545
731
3718
-2877
-4816
4119
4445
4528
-2763
5234
-2236
-2696
1142
4547
3457
2669
4574
2675
-411
-2780
-117
395
5403
-5544
-511
3251
339
-5283
-1123
3149
1543
-4478
-573
-3397
-519
-1807
3079
5029
-5309
870
-1482
-4648
1674
5184
-4352
-6327
696
-1699
2225
575
-5100
281
1572
2140
137
-1916
-6466
3033
1938
-6367
-4395
5560
726
4017
3290
-1418
5588
1601
-897
755
-7733
2536
4550
1660
-2388
-165
965
-6318
1667
-669
3231
1292
-5317
-603
-5534
-5100
6101
289
1239
302
-5530
384
-7116
-2122
3053
-2803
-4153
3765
-2482
657
10
541
-1079
-4864
3020
5797
-2905
-2103
1577
1768
-3379
-1412
-2262
1244
-3039
-4134
-513
1629
1300
256
3897
-3060
2760
-774
674
-596
2285
1025
2762
-1133
-4442
-4427
-1870
-1946
2708
1596
636
-3328
1895
-4080
4586
-1493
-4836
5290
-1984
203
-917
-344
978
-4724
6526
-5021
-1233
2299
3651
-1413
-1924
5703
3493
-1914
-4537
-2612
6184
-5474
-5013
-4455
1480
-2173
-4443
475
7354
-3991
2778
-2235
6437
1558
-245
1371
4248
5369
-2194
1233
2939
-6186
1016
-4232
5530
966
3031
346
-2260
4028
-1033
-2579
4743
1479
-5027
105
2650
2405
665
3427
741
110
2426
1212
-5970
4588
2881
4336
5571
6475
-2267
2722
5436
2909
1922
-7790
3951
-4277
-973
145
2676
89
-4229
146
-5731
1526
-1598
-3194
-5285
-1845
61
493
-137
5550
-4304
-2314
-1185
-6583
-96
-1783
-4794
778
2108
4342
-2373
-4097
2379
-4850
2819
2330
-4065
-2136
5587
2160
3452
-4952
-4478
888
-62
4910
356
7844
-1390
1632
1121
2122
-667
-686
4356
4575
1036
3832
-3383
792
-4744
-394
-3568
-2551
6094
3087
1182
-4643
-4051
2450
-309
4733
5509
6350
851
-1585
2730
-1513
-3229
-256
-1769
-69
-6005
2407
-874
1561
-1408
-6733
-204
2802
-7141
1267
-5747
99
4639
-2893
-1563
-1739
-2031
-2538
18
-90
2590
760
-1175
-3469
522
-1799
-2025
-5592
3768
-935
-2651
1122
-4545
1536
6766
3715
-1287
5039
-3290
-624
-130
2354
1815
284
1197
1746
4899
-30
260
274
1936
1482
2793
-1105
1387
2772
1995
-2700
-2653
3409
395
3489
-2816
2862
-1955
-4762
-3839
-3121
-1497
-1586
1214
-5364
-3051
1037
-1275
-1194
-76
-201
-1056
-4263
1750
872
1657
7165
-5013
-1998
144
6880
4811
-3328
1195
-3929
-706
2923
-274
5508
-3912
5302
593
-2072
873
-1260
-3108
1051
5900
3132
1159
-2723
-450
6134
-2139
656
426
3465
2073
4425
-19
2021
-398
2140
1669
3431
-1464
1212
-5176
2273
2739
-4721
-2049
-178
-3495
-1054
-954
-1912
5996
84
2268
4149
-4414
-235
2868
-604
-549
380
4221
-6579
5910
1872
-1162
6043
-400
-4231
2229
1692
286
999
-4892
-1317
4626
4484
-707
-5168
-403
-1280
-5096
705
-351
1016
-3412
-3554
248
-1095
-6868
1079
2534
334
2775
2053
-2384
1824
-1678
-2962
3407
-3703
-2294
-4671
7152
4914
2359
-3114
-707
6754
557
-5555
1852
3842
-2605
5472
-4554
4725
3802
1409
-1164
17
-3804
2644
-1228
-3984
7122
1154
4311
3560
-2401
-2294
1309
348
5908
-1040
2635
-4703
5552
-1465
-3470
1632
817
-935
-3858
-91
3388
-1723
-146
6686
-1781
-1477
-915
3523
-429
-1732
3310
134
4415
6726
-3432
4279
-2218
3735
-323
-3446
4989
2010
-211
1344
-3253
-2673
3462
-2643
-2571
939
-3386
3221
3653
-1090
-3412
1586
-301
-4113
3462
681
-1022
-3993
-3941
3618
4055
-3351
245
-6077
464
-4890
792
-2643
3475
-3497
-1721
-4632
-4444
-3399
943
108
6036
-3399
-580
-5297
5649
6309
3563
690
-2206
1746
2638
2182
-909
4999
-3810
-750
-410
-69
-2120
-2767
787
2184
-6680
-1293
-4787
-874
2632
-3985
1168
-1804
1701
-1371
-4697
4826
-212
2453
-2132
7750
-2101
-5561
-6840
206
-1195
6152
5597
29
-2800
6182
-5990
-901
286
-1719
1631
-2400
659
5755
2806
-5164
-2581
3704
2177
2622
2065
-5855
1236
3244
-460
-3939
1284
-4337
-2925
-4707
-5757
1502
7428
4746
-1590
-3851
2596
1962
1249
3323
1399
-279
-61
7452
-2591
-3061
393
-338
1165
582
-706
-5255
-294
-2947
-1205
-1340
-5966
-658
2666
-1255
2857
-4564
-1402
1742
642
5510
-375
-998
5640
-4101
1148
4427
4717
-5462
-3996
1071
3963
-352
4952
3329
-5995
1212
2524
2322
-2251
-5950
-6440
2423
2665
-4
4920
-852
-507
-35
-2577
265
-4543
-1376
-1057
2027
-1860
2136
988
3907
1411
-4580
1053
-1478
3379
2668
117
-3508
2014
-2978
5900
5719
-4056
917
3128
-2069
-2252
-6312
2745
-898
-724
-4243
4061
2970
1863
-35
-514
972
-8108
-3677
733
3051
234
-2194
455
-460
1537
-674
-7265
-5653
5113
2634
916
1512
1638
-4038
1562
-5327
-940
1904
-796
1183
106
684
4432
3142
-3499
3358
1578
2951
-1793
4169
-1144
1568
-5408
4932
-1696
-3270
3892
755
1394
-12
-1526
-2986
-885
1423
-7248
-1496
619
-3358
1531
-4083
244
2373
3064
3906
320
590
-2597
-3847
-1402
-6211
-3902
-520
1883
-2888
-4799
2844
441
-1310
85
3091
-367
6193
-3436
-3236
6835
-242
-3296
-662
2611
4357
-6216
3239
-8012
6139
4987
-3107
-6424
1262
-1715
-708
5693
-498
-2612
-548
4502
292
5104
720
-3789
2635
-2734
661
-1885
-1309
-896
-1589
6677
-5213
-1802
-968
1164
178
-1770
-5004
-350
2915
4093
1544
-760
-2239
4037
-3392
1217
-2931
-1294
-2779
-1437
-1443
3724
-249
165
7506
1135
4516
646
-1987
2106
1031
-428
3349
4844
7806
-2877
4827
898
-2654
127
-1959
-5165
-4358
4913
2031
-4386
-3553
3669
1636
5655
840
4445
-3381
-2242
-132
-3581
740
-2125
4334
6934
-460
-2953
4038
-2793
2429
-6336
6752
1963
2355
-3083
5056
-33
-5753
2198
881
3768
-4462
3437
-521
2821
3471
-1073
375
1516
9
2744
-4054
-2077
2299
694
6613
3448
-1657
-5934
-3980
5533
6706
-2184
-1506
4077
-6009
-432
2432
-3065
4368
722
4081
-2986
6160
-4672
-4097
-2706
6043
7112
-4428
-2390
32
1364
-4249
6478
1336
-1013
4804
1272
4723
-4422
-97
-587
1691
6977
-2930
2492
-2239
-1186
-2434
-1339
-4367
-461
960
-2420
2544
2855
-5295
1556
-5726
-4441
4131
3196
-5650
539
-2929
-5128
-468
-4693
1982
-5167
-3752
-2799
-4763
1380
-1240
-5411
-4609
3000
-5950
2874
-3032
-3221
6310
877
-1961
-1612
-821
-1285
4956
-2576
1583
-3648
3530
-949
947
-3387
-954
2270
639
-4616
2113
3014
6000
-1615
3634
5376
-3325
-1119
-6205
2046
1122
2165
3108
3920
4594
2891
-732
-262
-2062
6644
-6742
-714
-1314
-7134
-582
1864
605
-2416
6327
-150
955
113
622
2053
5492
1535
6349
7096
2039
-3514
-821
-1646
5311
571
-381
-1167
600
3139
0
-2493
-528
4737
3262
2718
3689
2523
1667
-4649
4323
-1458
-894
-1700
4546
-3308
1936
-509
3889
-490
-5557
7310
7364
-7039
-4443
2661
-3120
-5003
769
4921
-3637
-1709
-67
-5484
-6128
423
-3818
-1903
-2814
3389
2383
3920
848
2501
-1735
-5615
-2837
850
-59
5883
-901
248
-2785
-3127
-2041
-252
2256
4842
4873
-370
-1395
2227
1602
149
-2133
-496
-6754
1702
-5299
-412
-4014
3672
-5016
7036
1983
1910
1728
-3408
-787
1080
1955
355
604
-774
-951
2715
5647
-383
-3403
-3563
-5010
-454
1593
5623
-3747
1682
6168
1359
4311
6474
-3575
-22
340
427
-7259
6612
-2557
3202
-4079
-991
689
-6028
736
2915
-4222
3132
3
5122
3462
4381
6334
2208
-1491
-1020
-3806
-757
5714
5191
733
-1015
708
941
-4077
-1114
1863
6197
-4233
-2708
-2421
-1812
-1534
3973
3475
-2839
-5338
-5380
-2738
2440
-1214
-2395
-2472
976
-1294
-3309
4370
-1435
146
29
-3472
2040
3305
-1060
370
-5514
1552
-3637
-5934
-1286
-1458
-3901
439
6284
3886
-1022
1280
181
2917
5661
-792
482
-679
-3774
-440
1653
-2774
-3302
-1692
1678
-1666
-354
725
3105
3349
4552
-4545
-664
-4432
1738
1469
-2515
-526
74
36
-514
2129
103
-3445
-2159
3357
-563
-500
3051
865
-2999
-1082
1245
2992
-2432
-697
-4050
-123
1513
2414
-3619
2675
4068
-5835
-205
-580
-3311
2767
361
-5177
1711
3838
2773
-2194
2138
309
1352
-2564
-2118
-690
626
3575
3672
4620
805
2165
-6617
-1613
-2357
5407
-4983
-1115
-5614
12
-5612
1550
-1394
-6855
86
5136
-2647
6659
4726
93
2773
2311
1890
5465
-1392
798
4532
6865
-3659
-2216
-203
1284
1005
88
3621
3034
829
2257
6784
744
3931
716
-2623
3836
2574
-5365
-5016
-657
3294
6095
-1334
-781
-6320
2208
-1733
4157
-1422
675
-4107
-884
1800
-310
4648
3772
-4435
15
1417
75
4755
546
2814
2684
102
148
1060
3287
-3341
4263
1260
-3309
3111
-3860
1249
6034
-4049
-179
-278
-7220
183
-6874
-7684
-3011
-4378
907
2985
81
-152
5787
614
1457
-2177
3984
-1854
-5497
-6387
1395
-5930
-1123
3699
4464
898
-2177
-4585
-3214
4965
-2272
-494
-2159
-6047
-2416
-3091
-4201
3356
3918
-371
-6498
-147
3509
2580
-3338
-1277
-3143
-1467
-2921
-6331
-4274
-5715
1515
1555
-4415
-1135
1877
-1799
3586
1856
3891
-1538
-1051
5666
-1632
-2322
-5532
926
-3654
-693
2560
6890
7422
3720
4110
850
1796
-5795
-163
-3717
-511
670
2433
-4436
2993
1755
-394
4892
-3687
1904
-5631
6294
4575
-731
-1335
5834
150
514
-1630
-1113
-6020
-3051
-2555
647
-2955
5201
-174
-975
-3092
1577
-2140
-7560
-1480
6417
3135
-1174
5099
-5337
-1190
648
-484
-1572
-6181
2473
4989
3291
7545
-4396
-3180
-602
3109
2938
-4790
2424
-4742
2377
1430
-441
1697
-96
-3314
788
-6876
1676
78
972
1805
1647
-1964
-1719
3295
45
-318
536
5161
5253
-554
3340
1152
285
-2453
1171
-891
1090
820
-2711
953
-1650
-1252
6337
-5034
-1624
-6918
-4391
3607
-804
1016
-398
1835
5598
-7857
-1331
-4064
2898
859
1812
4597
5639
235
3798
1304
1715
1218
528
628
-6222
-140
1651
-5158
-1592
-3235
-2940
-2019
6606
3403
3121
839
1086
-2321
3937
-2936
-349
5484
2072
2384
627
-134
-3859
-3732
-7368
777
2021
-1474
1674
5368
731
-4896
-1532
3398
-3425
5086
-7581
-5675
5905
-873
3019
3917
487
-3492
-4126
-2464
6293
-2316
1041
-4277
5795
-1864
-5900
2741
-2847
3145
-3516
-1675
-3091
1630
726
2545
1855
770
-564
6392
945
-3112
-1929
2168
-922
4850
-156
-4314
3619
-1104
3759
1854
-3428
3183
2453
730
-2533
-96
-380
-666
189
1687
-131
-3202
7725
-745
3775
-3906
-1142
-4922
5383
-2684
588
1357
-2384
-3108
5344
-888
-4750
-4292
4936
477
6337
7590
3195
2429
3189
-1589
5849
-466
-3697
4501
-2510
-1793
-570
-408
5274
-927
-2759
274
-17
-6529
499
-6073
-3937
131
6414
-5778
254
5940
1697
3326
1366
-2412
-7159
-1257
-2189
-4745
4522
3650
-4453
-542
1565
-1351
6633
-3495
-4988
5706
5611
4283
-243
-564
957
-3419
-4954
2567
-2073
-870
-908
6167
1690
-1361
-3468
-3196
-1227
4093
-1953
-2815
1903
3262
-4420
610
-498
-2052
2246
-232
-6726
4600
5801
-5835
3459
-3255
2851
3192
-6425
-172
-420
575
33
-5399
4429
-1191
291
-2165
-5315
2581
6697
2463
-835
2943
2564
-525
1197
4548
3330
-1477
-3225
-1050
1353
-2572
-2440
-2645
-1137
-3170
3410
-2481
805
-525
-2737
-3790
-1392
-6111
3155
388
-3659
1567
379
-2290
2328
-7157
5959
171
-2975
-1667
3820
-57
-5185
-6084
-1207
934
-751
-2177
-4347
294
-183
-1153
5267
40
-5758
-2011
4048
1219
255
347
2772
-1196
683
628
-1260
-1390
-3580
-4610
-3832
1404
-413
-6715
-4515
-1192
-1948
2853
4087
-452
-2932
1255
6153
-4820
5626
-225
194
2652
-2410
5290
-4291
774
-932
-6514
-6444
542
3974
-1829
4605
4789
2721
1663
-2747
1442
1030
4974
-5303
1509
-1958
547
-2063
1052
6773
-3109
-3380
-1395
-1557
697
-1260
-1796
1234
-3626
-3724
5702
-4104
728
1783
1029
492
-2247
1199
1997
-1578
1185
438
-3286
3109
-493
696
4309
1225
910
2380
1383
2844
2801
-4058
4266
61
-6518
3052
-5371
1656
-1004
-931
-2563
-3644
-554
855
5599
1807
-3411
-2556
-2593
839
6433
206
-866
2898
1316
-264
328
672
801
486
1420
-441
3583
-2111
-4420
-1707
3980
5346
-6365
-685
-3902
824
874
923
7625
2383
4588
2178
4392
-2810
4018
2157
-3525
16
1382
2058
-330
-3710
-3293
5382
6886
-2764
644
-4698
3157
-2404
-1073
5631
-889
7164
2004
-4973
2413
-3705
851
-86
2841
-1379
-4025
-2400
1564
7064
-4999
3212
-2649
-4272
-1865
-3927
-116
-3821
1122
6538
-1966
-2625
3578
-6791
-3632
528
4168
2019
5439
-208
-2829
69
5479
-1705
-2442
-2399
2446
3688
-2168
-3927
-703
5803
4183
-3163
1495
509
3894
-353
5716
864
-136
-1495
4476
1967
-740
3770
-6043
-2742
-168
1949
1142
2103
-1156
-5429
6943
-3934
-160
884
2395
1940
5484
2947
-2064
1881
-207
-1490
4245
3388
3214
-307
4247
736
617
-1027
2921
-1150
946
-5182
350
63
-2657
1663
-1272
-1779
465
-1586
5290
2150
2919
4119
-4027
451
3747
-6457
1409
2990
-3954
2128
1654
816
2301
1181
-663
-4042
2646
-404
358
4060
1615
1747
-237
-2202
438
-1241
-3235
189
-6693
-2617
-5142
-277
6470
-3446
393
123
-3061
-3689
-4346
410
353
-5437
-4109
-1180
-1133
-3740
939
-997
-1318
-1351
3152
-289
2054
1249
4150
3027
-778
224
-1986
3497
-709
-4992
-2981
-3487
2923
2690
4490
-8071
-777
2529
-471
1675
-2247
-4503
3263
-735
5620
-6788
4249
3240
2744
-337
1821
-417
-216
-1468
-3231
-6336
3258
-1101
-4317
3524
6582
-2075
393
830
-718
-3220
-301
5935
1197
-6545
6267
680
-2918
1232
513
-4655
660
-5193
4865
93
194
7155
-1699
-4201
-6589
-6084
1804
-4923
-719
2793
3536
-2521
1238
5313
-164
675
-254
3731
6368
-2071
773
470
-572
67
142
7195
6379
-5269
-798
1105
4208
3870
-2307
-3613
4297
240
-2258
-707
-4468
-5696
-7493
-319
458
44
-1608
-3662
-1001
2273
-3576
-2393
-389
-1686
-380
-1848
311
-467
3545
-1016
4230
5327
-295
646
3874
982
139
-821
3483
-630
-1496
369
3940
570
-7179
-4877
81
-4901
4895
-5665
1000
-1556
-2966
65
927
-1420
2292
1467
-4727
-1999
6031
842
-657
-2228
-3776
-1774
-4851
3784
3572
2999
2349
-1169
-934
-3289
-2134
1399
6038
-3715
-1780
-2748
-2093
5128
-307
-3304
1095
3695
-3282
2993
-2750
-2153
-1943
1552
4439
-6969
2586
-2903
3556
4200
128
1290
417
-42
1357
4670
4441
-708
-5520
-1822
-1211
2525
2127
697
-3202
-3399
-2578
2013
1574
-4691
-5936
5486
-1108
-5253
-5419
1934
383
2646
4582
-369
4268
-1013
101
-976
-4811
-4582
3843
4356
-4565
5657
-63
-1315
116
4551
2775
-5361
-6808
-1908
636
-4120
1379
3712
5449
-2076
-3598
5793
-390
2672
-4085
-424
263
-239
2100
935
3193
-360
-3113
1826
-837
-2626
5288
460
698
280
2002
2404
854
-4170
-5921
849
2528
1479
-6180
3703
-247
-2210
-2977
4802
3851
-898
-71
-7095
5035
2223
-287
6040
-2982
-3807
-6988
3436
-3404
-642
-6067
-2544
6088
1815
-931
107
2667
-4666
2761
3913
-2663
-3973
-170
43
244
4142
405
-2495
-353
-2700
954
-6025
-3986
-6186
4192
-971
-6436
-3929
206
1178
-1488
2407
-1612
3121
-943
-2708
1597
-1653
-4371
1984
3469
-6227
3791
-3847
1016
189
-2688
-89
-2815
4159
-1624
-4735
-1775
-3660
352
6166
1202
4375
3613
4676
557
-1515
5020
-5084
4092
-5442
1636
-14
-6032
-1046
354
-270
-3685
-4958
-3767
811
609
1998
2920
3532
-4527
-82
-628
-1731
1012
-4810
297
-6294
-3562
555
-203
1731
2279
1200
-3256
2060
-3347
2629
-3524
6035
3
2654
2329
-1031
728
1443
-2058
3752
5743
-1949
2009
-2786
5117
3560
3195
-1471
-361
2087
-72
-213
-3037
2313
-6121
2696
-1721
-1613
1816
-1293
-2527
1140
2296
5182
-5309
-2866
1421
1367
-4703
-2807
4859
-409
1880
958
-1318
4088
1336
2517
-2249
4203
-682
-4280
-2387
-2082
2313
3462
2543
3920
-1761
-4036
4717
-1382
-6062
3786
-887
3734
-584
2049
4949
-4787
5437
-7385
7020
203
-7114
-480
1198
-3198
-852
3990
-1037
4192
-3322
-449
-605
-4582
-3483
-1363
-2035
3080
3174
5374
4541
2797
3616
-690
-1594
-2487
6946
608
-4226
1675
2195
1315
2891
4964
172
3545
4278
2451
-807
-35
-5362
1232
1018
-3241
-1426
-933
-4170
-2326
-6508
-854
-931
-770
2407
1285
937
2888
3708
4397
3771
-6504
-2403
-1218
5446
-938
5647
-4283
-2239
-2000
4665
-1196
-326
-1834
1136
-1244
5876
-105
1843
1765
-7226
-234
-4273
-142
4123
151
6847
2617
-412
-5775
-3322
-6273
4013
4383
-3656
79
3080
5308
3914
-1391
-624
3375
6677
-4017
-786
-3425
-25
2763 40 3960 3516 7205 2359 1450 8125 6750 7191 5378 3605 7747 2754 2504 414 2899 308 8104 775 4462 956 1117 16 2246 6279 7232 1819 1066 855 2984 3000 678 5850 6919 45 2092 3085 457 7085 8065 6326 4160 358 4243 7718 3127 575 3784 7561 2589 3778 2023 4071 5383 6205 1232 125 744 3422 2423 5984 1677 280 33 2907 472 5137 5427 4394 1467 316 2337 3786 6327 6016 2796 4237 3218 434 2414 7969 7484 1958 2666 7589 2578 3173 2332 1400 7792 6576 5387 648 152 734 2680 1913 8049 6895 1229 6188 3891 3146 6021 2260 3063 7457 6990 2906 5 1498 6603 4120 7218 6360 6505 5830 3706 6307 61 518 1252 4889 6639 6103 5531 4371 6913 6446 252 3586 4226 3036 709 6823 4642 5884 3783 2954 2366 3773 5726 3897 3331 4676 6531 5490 663 1247 3603 2817 5921 1533 7062 7041 1474 216 1831 980 5365 7918 6109 416 2249 2422 743 7523 8004 3065 3245 4261 4306 2146 5757 996 69 8091 1261 4530 1103 5052 5652 7509 5249 5816 8053 62 2374 5343 153 1379 3583 757 1111 1168 2190 8076 6953 3707 1340 7143 5801 1253 872 7917 15 6271 7922 1411 2507 2390 3882 5132 4398 1358 6574 19 6877 689 4791 6566 1449 242 6539 3098 5622 2486 3376 1051 501 4285 5388 3879 469 1125 2418 1627 7243 2464 6556 7645 3453 1658 682 582 7428 2357 4407 6461 3763 7734 5062 5922 1073 2501 6480 192 3456 6652 4233 2093 4307 3688 8056 815 7961 609 1158 2447 7700 2045 409 2618 410 2671 2440 4422 6564 3144 3238 6906 5714 811 7695 1425 3213 2505 2775 4145 3967 965 2917 2701 3487 2024 3657 4747 7719 4099 6313 1049 4857 4616 6874 7594 8115 3203 7725 5180 658 935 4957 3088 7856 517 4458 36 6339 1645 779 2761 566 3159 2330 6431 4878 468 369 6797 6826 3817 5460 391 7253 715 1152 7494 4018 1004 5120 210 5691 352 5566 700 4980 4800 7520 77 737 4336 5719 8078 5366 8050 4818 1671 1256 5854 7269 1902 3518 5571 1093 4785 1236 4177 3876 7222 4613 6624 3797 7821 2164 7979 2355 1551 2226 1552 7270 5881 1366 551 8132 7475 4829 4840 1215 4185 6845 1954 5725 5369 3880 5977 2549 7170 80 6364 3267 1576 3624 2878 4102 6072 848 1277 4058 13 4896 6669 4264 5085 5074 3180 1497 3393 275 6399 5815 4316 1113 7571 3394 1350 928 6710 8137 1608 6347 2676 7674 7999 176 5417 7250 5267 2161 5485 7701 1997 6805 5470 58 4157 1105 1237 1110 6664 5321 6616 1378 3155 1438 2384 4481 6542 2038 5419 1893 5742 1780 4585 2121 7565 7706 5290 756 5185 7300 7775 6752 5130 7368 7077 5680 6182 6512 7545 1642 1283 380 2823 7383 5194 2564 542 3779 8128 7876 6842 4052 869 2221 4856 7756 6194 1172 5875 5929 5863 5054 7693 8086 4072 3316 5115 7362 4981 5867 7452 5117 4532 4574 5178 6186 7406 342 6452 7754 4457 6891 4450 1081 2333 4428 3581 1616 3204 3870 5286 3233 4090 7726 4779 880 963 7966 4775 654 421 7733 4623 4960 3664 6358 1838 2303 174 7107 5393 4 4466 7584 225 3556 2215 2654 6745 2298 3953 5320 3313 4594 4643 47 5818 641 7022 1861 6520 3952 5733 2135 2577 5896 8075 569 3224 7070 1744 5592 2500 7486 356 556 5218 154 385 5908 6651 3699 3450 6884 2786 6622 4368 2932 6418 911 4364 6792 1736 5653 149 6595 5389 6588 6957 4875 2402 5347 3739 3230 8150 2435 1306 3982 6683 2596 1061 4406 5401 3984 5669 7809 4383 4881 908 5053 1565 5864 454 2235 7025 7209 6965 1349 2177 1618 2883 5017 4489 8034 1781 2147 6043 4133 3265 6191 1352 1044 2425 5408 1085 950 6759 2491 7295 119 620 282 4317 3300 7688 249 466 2989 5223 3888 3056 4435 5070 7459 545 1320 7801 2066 6667 3362 5165 5420 5379 6736 5639 5004 6781 7357 21 5439 6068 1664 5920 5505 939 804 3588 4545 5584 5575 7121 835 1887 1828 7666 2042 3683 2442 1849 6811 3795 5724 954 886 2380 7519 7553 3951 6012 7015 2547 3608 1078 5937 5247 4311 6515 6297 1971 93 613 4010 4200 4282 6753 7443 1046 6264 5210 330 1207 2915 7031 7153 4537 458 2455 5947 2458 4565 2470 2035 1866 6934 5453 2949 5957 1345 42 7198 375 1792 988 6743 3112 1594 484 3647 5192 3364 2779 5534 449 1388 2672 7632 2758 1544 5201 4863 4209 6961 3929 3419 5232 2367 6445 1882 7944 2631 5350 7465 3918 6411 5822 7548 245 3235 6698 2835 4556 394 4734 3671 4697 7607 2062 3170 1911 4434 4953 5416 2832 2739 4496 5528 499 5138 315 336 5206 795 2908 7815 1181 4964 4888 3041 2710 1799 4197 2591 5489 8099 1405 4270 2934 3718 7934 6746 2204 7477 2301 2107 4604 7433 1558 3379 3585 4805 143 5591 1397 4952 1802 1640 7972 5825 543 2327 3409 3746 829 3578 185 2755 4414 2136 144 167 1079 6872 2451 7412 6899 2232 7590 5820 3249 3787 4423 3759 5812 1195 68 7622 433 6462 6292 7831 3458 6378 4908 4773 8153 2208 5012 6058 4093 6019 5524 2264 3792 236 5720 3309 2125 1956 3343 8101 1461 931 5308 7276 1633 6590 4000 7099 2841 3208 7834 8081 4690 6643 1221 3899 2634 8113 2657 6413 5091 5779 7123 3264 6384 4716 2417 7086 3253 1807 5506 3149 6535 173 5723 3649 4039 2170 1488 5396 2257 5616 1659 6332 3090 2665 6873 7919 3444 8016 5239 4707 3571 2638 8116 5301 1121 7680 5056 4006 4550 199 6112 7061 6894 2498 1675 3289 7231 2928 2537 1782 2685 2022 1325 1376 6115 5197 7670 6132 241 3465 8156 2661 4443 6571 7930 5722 5095 1050 7778 7795 8003 7338 3132 3977 645 2811 3665 4816 5751 3424 7006 7160 6950 3121 3910 5058 4538 2530 7827 1823 8087 7479 2496 2348 562 6718 5188 820 5493 865 8145 2788 7603 4591 1561 7320 5360 1858 2947 3931 8089 4986 6251 1171 5259 5681 1773 3320 3785 6067 6550 8060 3974 5469 5371 6179 4430 6244 4228 5179 1609 6912 3019 4049 2282 5555 5222 2828 2316 2595 6091 5409 1422 1118 2606 7661 883 4982 7315 1669 3600 7807 6349 2296 4701 2697 2444 6122 4345 6456 1035 4936 4456 136 2102 7425 1069 1212 5175 3259 7699 2512 6253 1094 4077 6926 5068 1231 4812 5544 6140 3924 4241 4843 2006 794 2460 3138 6697 6980 450 4788 1326 3005 1876 3073 2843 3809 2138 4592 2903 7108 1985 5503 3069 3678 5522 3655 998 7527 1034 5983 7171 295 1512 4353 4997 5156 3834 3524 3643 7853 1923 1493 5016 5973 3328 7879 4169 4440 2893 59 1468 4885 3338 595 3554 7190 5570 7541 2377 7242 2653 3944 7907 3228 5926 2228 685 2844 4222 4207 95 753 2071 4294 1795 5106 599 7558 2636 6820 5061 6956 7220 205 1853 3921 1070 1695 3250 359 3535 2269 4419 913 3856 5840 370 7559 6619 3827 1396 2985 6699 4806 6724 4910 6368 3884 5870 3860 29 7262 6457 4562 3656 3896 3520 7445 8098 6788 572 1741 3614 3904 7429 534 4699 5689 3351 634 4909 4074 2114 8095 6042 1615 3006 5527 7506 1530 2271 515 2870 7669 2995 3925 1554 2078 4691 7748 7264 5912 3559 2813 4963 2158 5227 5729 4522 5009 1788 6204 6834 2429 2980 1590 6389 750 3417 5368 7149 6398 3621 5330 2510 7342 6436 3841 514 8079 1346 483 7887 1540 5319 1845 640 3692 2314 7098 3386 7776 5410 4056 3282 6973 6632 1418 4001 7150 2563 959 3542 7893 312 6859 6637 2821 7335 4564 3421 4711 3489 1516 6988 6490 2287 5925 5897 1490 423 680 7317 272 7850 476 1517 4593 2872 529 1233 2142 5917 727 4444 668 1930 760 2288 5979 2360 7724 4343 1825 7682 7411 5202 7654 7529 1766 7576 1133 7081 5711 6649 5271 4950 237 3752 5048 5556 1909 2837 7914 3066 4135 7943 4819 367 6978 4238 8141 5151 1169 1767 7267 894 4380 4534 8007 6530 4802 1569 655 6220 3831 1235 3435 3976 5209 6474 6100 6479 5317 4184 214 3930 4377 3721 3857 7621 6653 589 3920 97 8073 6613 3517 273 4548 5576 5391 2335 2474 5182 5913 2640 4130 218 5905 2573 6217 2397 614 6577 7187 3226 4973 8120 4694 2420 1999 1177 7974 3552 2252 2683 3317 3912 2730 3156 6998 2145 7685 4468 4256 2063 3427 5005 6773 979 4117 2100 3047 5849 5003 6148 283 1155 5433 5666 4778 4494 5855 5398 3470 2218 6513 7371 2116 1927 5316 6286 99 7630 7840 6338 7088 1249 1455 6187 5145 1538 127 6881 221 7173 6160 7532 6325 6052 314 5299 1156 3798 7728 2852 441 7626 7060 329 6031 2662 7185 746 2334 3347 2704 6402 2945 5567 7496 7016 3284 1129 4315 2974 4979 2809 901 4492 7164 1005 5632 6097 7978 1822 7911 5354 3820 4037 407 3392 4491 2972 4153 5168 7608 7126 4911 2967 7302 6959 422 6902 4473 7238 6351 6295 6499 2581 2695 8032 505 4962 6997 4941 2723 4688 742 4490 30 2412 859 6989 255 7577 5184 863 3305 1415 3277 1175 7458 6028 2388 1787 635 2072 5434 7864 6228 350 7239 3774 7885 6252 6078 5648 7596 5900 6655 4985 3661 6382 4627 10 261 2856 4814 6971 2869 822 4924 3323 6195 7904 717 3845 3936 6510 4855 6993 7595 117 1006 7424 7814 5901 1267 4673 3353 1665 968 6684 1026 1842 4289 4874 2627 3105 4273 2745 6124 7613 2131 4225 3865 6532 2490 7277 1301 7785 6741 108 3689 2354 3243 7583 6308 1863 5907 5647 4580 6344 7343 2241 770 5029 2090 6516 7932 5150 7741 3532 396 220 6245 5552 7379 7408 7372 5424 4271 6626 6385 4298 661 7737 3015 6166 3822 3505 2582 1431 2593 1154 3275 6528 3743 1313 1502 4250 7989 1872 1983 5014 2261 5449 5844 5199 4833 4035 298 909 4514 5413 703 4832 3995 6578 2083 7591 5148 7389 3744 4202 5231 4412 3329 5196 5450 7033 4839 3332 1179 6803 6237 6943 6359 318 5356 3172 2619 2743 791 4901 6573 4504 5238 4903 1097 1393 526 7019 5799 3890 4966 568 736 1297 6739 7065 7909 5177 1423 4786 6771 5826 477 4718 8108 6815 5252 156 4891 4570 4717 6893 4221 96 278 4247 719 2839 5113 5626 2812 1586 2681 6717 4413 5894 5853 8144 7432 7053 5607 783 1834 2753 7854 2225 774 3151 2848 7536 262 1632 5090 5574 586 2747 4154 7298 1891 7216 5754 1268 5516 8000 6334 306 5738 1102 1434 6687 6071 4275 6501 4845 7158 2910 605 7273 2555 4420 6183 5404 180 7327 1319 6734 7281 7316 7920 4595 5965 6690 8066 899 7848 7513 4606 3087 3100 817 2574 8030 7781 5805 3383 977 4646 643 1662 686 5708 7593 4452 5624 6001 3913 2935 5721 2556 4327 3601 3980 2001 188 7606 5918 6373 7344 7139 3335 1806 2195 3241 6026 7538 2041 7322 6362 7074 6903 796 8068 3011 1372 3095 3058 1542 6896 3189 4019 7844 780 74 1274 2443 2916 7331 6224 3190 7643 4397 5281 1595 3642 7860 2611 7204 2020 5845 870 1974 2744 1714 3667 4196 3403 606 4884 6429 1991 1653 7268 1850 300 1220 1147 7927 1234 1377 4762 3694 782 1519 5660 3526 5438 1742 7046 675 4043 1879 6581 4698 72 1430 3823 4933 1334 596 3037 5964 7936 2463 5847 1082 1032 893 2087 5803 4847 4246 3503 1859 8057 6729 2127 2123 101 6162 4783 6696 7435 1713 1084 1240 6473 4432 1413 7319 1314 5551 3124 274 7551 4509 5461 6033 1698 5340 2132 6062 5325 2548 347 8039 7288 3883 5082 1963 4346 5495 7235 773 3035 3272 3674 6372 3390 4780 6871 7350 2272 1206 2929 7476 2373 1054 5704 7573 1209 2873 175 2113 4558 2088 2319 8064 2583 6324 2849 8130 6671 6047 7225 3443 8140 5463 819 851 5200 1851 1406 7234 6730 3239 4235 8162 5562 3209 2759 5063 7450 2382 2395 1924 354 5579 3803 2834 970 2222 5838 6725 1312 2493 621 5753 247 3740 917 5255 4999 7106 1841 1499 1414 1747 6843 189 6720 6995 3169 6983 7828 2193 4138 81 1426 7423 1416 6549 7207 6306 1407 5166 6936 2732 6914 3440 6537 7947 2545 6392 2960 5793 1403 1944 3557 7391 6443 2803 8015 7902 8046 6517 4822 7882 164 8082 6341 5745 3562 5545 3467 1135 1511 1254 6363 6714 5285 6409 4939 4454 2827 4948 3874 2168 5402 7830 5508 1291 875 5440 4862 1970 1255 726 7816 7617 2656 2070 4376 5928 3315 6276 186 6435 7683 4128 103 1408 1506 132 3468 1248 1002 3911 5235 2216 2978 509 5498 2336 3775 5292 5345 6136 1579 952 2635 5303 2959 7387 91 244 5173 3790 6299 5911 7641 360 698 5821 6708 7988 5572 1526 3434 3893 5846 5181 8154 2268 573 2067 5955 1757 1322 7945 3666 6284 5971 4683 4598 2760 5496 1812 1091 4067 238 3714 1520 4276 3034 2533 3515 681 6281 7799 3908 3663 7790 4140 2937 2461 2700 2326 3956 7385 5193 5915 6824 7 6772 4689 7804 6400 390 3536 3628 5307 1752 4410 6583 2343 2436 4866 7285 6688 3457 1302 5876 3337 7875 2585 7162 5517 5761 4868 6974 5204 2851 1932 7249 2598 105 374 3055 2389 7274 3137 7924 6958 4841 674 5253 1929 7083 6837 7867 7101 2706 6181 5613 1303 2259 6972 6066 6933 4568 4392 1119 4815 2699 5992 1260 5355 7313 2392 5337 1191 1975 3992 7905 1724 6247 6777 5051 7142 2181 2262 5030 5353 2469 723 1628 2882 7265 4348 1478 4094 2475 1774 1369 4620 260 5510 2877 827 7039 6621 2002 4426 100 6472 1316 4506 6984 1771 3074 5135 2752 6870 3038 3994 821 6829 2820 3150 5743 2347 5703 2361 5679 2349 5133 3482 5504 536 1758 2205 2134 1332 2840 4050 6711 5636 5641 4137 6030 7040 7133 6866 4961 4865 4101 4637 4830 4338 574 4587 6561 7116 3064 5386 1419 2162 344 1452 4255 2383 6612 4820 2431 2987 3854 6346 297 751 2182 7702 1686 2483 1638 5486 7147 6939 4144 2905 3273 7063 3084 1339 4007 5827 6138 6778 1068 3048 3221 5678 3186 2515 7968 8110 6589 5139 1447 12 6591 5851 1672 4013 264 1067 4150 4181 4387 3539 7485 7054 3561 7534 3002 2603 5630 6209 7582 1837 2061 5456 1878 4357 46 7233 1775 5482 5823 2508 1515 4385 7580 3755 3466 6565 3322 4486 4211 8031 4008 1566 7245 490 3894 2098 4869 4702 3646 8048 4602 5862 1743 7414 5203 487 90 465 7097 1798 7692 8143 4192 6678 1333 7392 6661 1582 5212 6948 6733 649 708 3391 7675 4142 5055 5520 3553 2644 5126 51 7422 5311 3592 4015 3297 7612 3334 6290 6885 5712 1606 2806 7175 6394 3185 6020 5125 7517 6774 1009 4974 5774 7842 7575 6049 754 1688 6377 6748 4887 1536 3791 5254 1257 7094 1417 6932 6856 5553 7705 5190 4681 4877 1271 3996 6142 5134 1646 1433 6144 1791 6090 3593 5028 6976 1613 4947 3855 541 1446 7128 6170 7711 2792 5661 930 1444 4374 2540 3577 3902 7871 1315 932 4852 1219 3377 2473 7224 1901 4123 578 3210 2997 4586 2224 502 4934 7488 4437 3256 4191 4741 4817 3385 1957 2203 4951 2909 4103 3031 5161 2805 2094 6929 7251 284 8070 1471 2323 7023 2628 4621 6890 7928 918 3115 6017 5008 4136 4796 7650 4837 7125 4165 6901 1370 1492 552 8020 148 4326 6642 3833 6497 3118 1479 7463 3990 7712 7941 6518 7586 2371 3862 6169 925 7398 4390 4427 4731 3832 1844 2715 2584 129 2258 5683 1829 1548 2720 5598 535 7862 7981 256 6318 7783 6316 7351 6597 5597 1600 2091 7310 741 3104 456 5981 2021 2029 4510 2692 1457 1265 3131 646 1567 2626 7010 5049 5375 1651 3851 797 850 4124 7780 2836 7627 1939 2777 5423 6304 1368 6675 8063 6799 7474 4441 5451 4302 3145 1476 3916 8103 3675 1270 5107 6821 5763 22 2927 7566 8 3979 6269 7757 2275 3426 6623 7140 2802 2776 2236 840 7163 7993 6546 1038 461 619 28 2999 6405 4224 7696 2948 1746 1531 4823 3488 3596 7493 169 995 6786 3580 1559 121 8152 6444 6234 7174 5583 5702 7498 7144 5183 5974 86 7833 2612 3606 1196 2964 1607 5874 6199 3158 2229 8138 6670 4521 34 387 3768 452 3919 4167 6270 4121 4798 5778 6627 7378 5295 5596 2986 7340 4303 1190 6756 8062 6931 7071 3705 3842 903 5167 2095 6050 1804 1654 2645 769 1532 1318 1528 1945 1336 5443 8051 6414 4525 1657 2783 1470 1947 4851 3895 6086 3591 5783 365 5260 3720 4967 5437 5593 3178 597 5831 7375 41 2690 6977 8159 4657 843 6755 2230 2981 443 5746 4011 732 2712 5587 7138 8052 3672 2731 7956 1460 7148 922 2513 4740 7373 3776 1223 4009 1547 6410 3545 6986 6523 7052 3116 2629 7817 2242 4551 5314 2729 1715 3110 816 3429 5348 7789 2608 5945 1560 585 2988 2151 4352 7157 7900 2056 1436 2012 7324 7308 7259 3540 7874 3597 7396 3922 846 3237 3733 2641 3905 3045 860 5007 7489 3788 3260 2082 4516 5829 4680 7714 6547 5477 8077 198 432 5523 2122 7182 6915 1225 3677 692 6498 3781 403 5999 4728 6471 5972 7658 3251 4533 2265 325 8035 955 7533 6754 2541 687 5595 8027 6707 3072 3196 3258 755 6985 4714 6900 1020 3439 7261 1258 4113 577 266 4844 4553 4036 1294 6679 4559 3168 2643 7678 4789 6916 7836 6105 3826 7364 6272 2340 6354 2868 317 2345 1463 253 7550 1984 2714 393 809 3726 4031 3969 1424 7957 6804 5542 907 5376 1059 6374 4776 419 4363 4168 190 3413 3898 2220 1030 4581 3777 7677 1673 4091 3719 6963 1731 3623 3939 418 1107 2270 5938 1126 2108 1562 4501 5617 3772 4846 6458 3174 4066 2904 8041 4518 7272 26 3193 56 6545 7863 7837 5804 2542 5748 480 7093 8011 7913 4041 7161 511 1351 2462 6807 4744 2304 3057 4998 4945 6080 8018 381 7001 4625 200 2936 587 5538 363 6641 989 5694 4648 1437 3052 3039 1813 6149 1597 6087 2990 4044 3710 2874 2721 6572 110 1141 924 6511 1362 1194 7203 4190 1602 3709 1778 553 1037 389 1917 1635 4589 6719 1101 2769 6249 5034 6865 7739 6250 4325 2728 3987 7587 1903 4921 1621 5127 7770 3122 2855 3662 179 5415 2308 2439 1524 6415 5882 7955 1961 5635 6660 7407 1759 5931 7784 5237 3770 5089 7639 1871 6709 5924 6580 5848 5773 248 1503 1188 2289 1869 8139 3766 531 7018 6646 4240 7499 559 2924 2973 4517 286 5455 6076 6693 6441 3094 5766 6465 895 4300 6482 3476 3496 5487 3091 1928 3941 6167 701 2717 7877 2283 1843 223 6041 3040 3296 4977 704 1453 1840 1017 7426 7360 494 4465 5950 1833 2324 6165 5318 392 3549 3715 2445 6422 4499 1867 1523 1951 6602 2245 4828 1760 2876 1681 5728 5871 6468 5512 2191 5923 1202 3163 3092 5390 3724 1623 6654 398 2290 5163 3111 4836 5044 6793 6695 1112 7363 1010 3436 8024 3609 439 5123 5459 3538 6024 5043 8107 1021 3318 3312 3533 4603 2411 1620 2421 4087 6522 4227 6879 611 444 5313 4605 3278 4913 7501 7361 4636 2294 6379 7306 1295 3868 3199 8026 7653 7823 5546 2449 7940 4287 2172 2186 550 8023 7179 1083 881 5436 8061 6503 4898 1796 5673 1 2950 4497 6057 4251 5121 6996 3949 3869 5010 3813 3534 3527 4669 4310 4765 1385 2939 788 3081 5349 5590 2081 2307 6647 5843 1588 4253 3079 7413 6478 5604 3867 2772 107 5241 1573 395 981 4794 6328 2488 7236 4484 625 3454 349 7076 964 7402 170 7838 6832 3471 5327 1275 3595 7672 4549 4112 2346 776 7805 288 6176 426 1146 3572 7177 7663 5045 3806 4471 7118 3620 7293 5057 6317 7884 4100 8105 3499 7051 4382 1098 6116 7420 6552 5094 1989 48 1905 7210 633 1894 6455 5278 7430 1174 474 6706 5671 2506 7811 6644 3928 5364 4811 7491 6275 5315 8037 623 5966 3530 5381 3363 5914 2998 2846 88 3622 6006 4231 1466 6189 7673 7078 5656 7469 4249 4032 6666 3184 740 7625 5046 5114 1988 6487 7130 653 4813 6460 2058 904 320 2000 6800 3853 3013 2363 4278 455 607 1284 3818 679 1805 4448 7111 6011 1062 973 6139 1389 4614 4849 7759 5509 4853 4872 6611 276 7339 3302 1916 6791 4588 3478 6813 4745 411 6329 768 7975 3407 7894 5891 4743 941 2535 7687 1342 2243 6193 4296 4084 2696 3491 447 7090 7664 7503 525 2865 232 6161 6280 6300 2050 591 7671 7803 4438 879 7444 7977 6353 6715 6121 7034 2824 6212 3889 7492 3686 5814 8127 2365 6979 1324 1031 8042 302 6795 7294 5332 6858 4359 1427 6828 7511 6507 6254 451 142 4354 6575 1545 8151 5674 2454 5877 6970 5839 6376 4915 1655 7738 5298 3078 217 2511 7134 627 3658 5144 2770 7004 3406 1308 6060 4373 6157 4600 405 6525 1525 3369 6143 868 3008 6938 1856 4162 5170 1440 2901 1718 777 2727 5312 4259 2532 8126 7689 554 7466 695 3140 5513 7614 900 7186 3227 852 4524 4148 5991 7478 6291 161 7151 4034 6036 3206 6648 990 98 4894 2531 6092 5131 7073 3735 1374 5233 388 6481 1725 289 489 5557 1401 3754 7042 7082 3030 5250 6034 66 9 6657 6758 1661 3946 1448 226 2896 7346 412 2353 2678 1622 5251 3340 1603 3695 3968 2103 3957 3410 5208 4575 902 5879 4239 666 6907 1815 1484 7796 6801 5244 2369 5112 2888 3075 6158 7901 5872 3955 2341 4322 6672 5585 7510 6081 7122 2052 5011 2912 937 942 3711 758 123 5465 4916 2448 65 2526 2430 7818 1330 7156 4723 5412 3007 7858 7857 2419 4943 1173 2048 6014 6551 2267 5213 3737 3712 590 2376 2814 5605 1605 3220 3304 279 2889 5969 5560 5341 3568 528 5147 8084 4014 7447 6003 7009 6391 839 1210 181 7727 6584 890 7352 437 6371 2118 3687 2321 3693 5758 3547 4799 3670 7434 1072 3475 1203 7079 204 8124 1811 3017 4769 7793 7970 5042 4109 362 3958 581 7490 7647 1216 5294 854 6553 1693 1765 1689 5447 8129 6000 5606 5657 3080 2239 5768 8088 6178 3197 5880 4439 2139 5699 7066 7035 257 4900 5418 4507 2040 425 2707 3878 1357 8161 3986 4700 985 651 4047 3387 1481 6085 1940 4391 752 7377 2925 583 2119 4782 3886 1003 234 6069 5362 6408 3903 2894 7521 4416 7897 3850 3054 2953 4195 5377 7839 7640 4879 2633 5784 3352 1631 251 2039 6008 2124 4073 833 4378 1353 4367 4053 7642 626 1584 6088 5304 1614 3731 471 579 2793 3793 508 5603 2708 684 4002 2615 1978 5797 4020 2011 3370 6038 1794 5951 3676 1639 1505 3412 4770 5665 5494 1875 4215 2956 6129 2207 6356 1164 83 7067 7348 3528 3966 2026 4719 523 530 1269 1550 3219 2396 6432 7416 6342 2859 331 857 994 8054 6005 6321 8096 269 3812 8019 7397 3523 4675 6819 7843 4784 3877 982 733 7359 6221 6303 4290 5943 417 473 6172 4838 2034 3796 3696 5550 8009 4055 7933 6361 5171 3408 240 5109 2285 735 2952 2210 1132 3998 7514 3425 4104 7278 7563 1042 6113 519 3021 3044 3716 6315 6982 6991 1786 4987 2199 4060 1821 1130 2767 1198 4022 5346 6656 5296 5302 6563 1931 2299 4342 6283 3701 4835 3769 5187 5211 4906 1367 1972 3003 2192 1500 1197 2452 4272 1159 7916 8021 5569 6241 1683 39 6831 3147 5782 3191 4033 7810 5988 4989 323 4318 250 6133 2278 1729 5086 4902 784 3713 5407 2206 7021 5628 3502 1589 7660 113 5367 967 5625 6007 7515 3799 1328 671 5088 3255 7542 1827 2650 7221 2154 4615 5978 4312 7798 5499 4411 6278 3401 5220 5226 3202 3222 2594 3389 8038 5198 6560 2659 18 5672 1392 3651 7202 1456 4057 1779 7215 6 467 6536 7691 2853 463 580 2955 2502 4858 4339 5796 6789 4766 7736 6818 1803 5087 6438 1014 5802 3954 4892 8010 7965 6180 1832 2338 1090 8013 2329 4619 4528 5467 7620 4274 4110 8133 1749 7763 7100 7651 470 3025 7681 7895 2274 6345 2141 1643 1800 1311 2539 5586 8158 6502 3560 6835 2658 3864 7950 5328 567 4612 2782 1462 763 2858 4333 427 7764 8047 3067 4262 5169 6514 667 1116 6569 7629 2187 3669 313 4535 2104 5634 7878 5834 5819 2378 3194 1734 2625 4659 5902 4024 171 957 1214 4025 7257 831 7069 6350 6093 6945 7716 6107 2642 7794 6155 2234 4804 1087 5037 7114 6763 974 2570 6424 7020 7704 2527 7915 209 2687 399 4151 7119 3873 8092 4188 5677 2931 6018 836 3344 5079 3858 3507 8094 6853 3839 5224 4245 322 5291 702 7201 6880 3741 371 140 642 3587 4004 4970 6352 7237 2742 6848 2765 2351 6921 3348 2331 4607 2524 1941 5565 4063 6491 3071 4631 2621 1769 2887 4759 7720 228 7767 6010 4826 5633 4569 3009 5221 6925 6059 5599 3508 3018 4347 2568 4477 5272 3942 1907 4170 3486 1201 6466 4611 1726 7624 7667 5810 3837 866 5287 5682 5890 1122 1732 3032 4969 4263 3291 7367 3565 429 4365 5040 6766 5903 3492 7976 5798 2280 5706 4871 5276 4401 4864 5100 5808 7851 2209 1244 3307 6852 6322 7384 2053 5789 5083 7832 4040 1361 7751 7292 4563 805 1936 4244 7110 7713 120 5690 1504 1981 3416 6776 691 6420 5189 6909 3192 6519 165 638 6562 6065 2015 693 8045 767 7395 6419 513 3283 3294 1810 5589 7662 3214 5619 6266 4331 3244 2991 1451 7263 3764 2963 6104 4159 3498 6404 7105 1428 453 7636 4076 7859 3522 7659 1797 5621 6098 3989 1321 7578 4629 5968 2632 5934 2010 1973 2016 1593 7075 2614 8111 6617 2174 3240 5558 1045 610 6770 6955 5935 5141 7467 1678 1386 1288 4277 7715 1873 6785 2159 5077 7880 4021 3750 2940 6869 7266 7992 7602 5859 3576 1776 3767 5140 3301 2766 2861 4341 2309 491 3840 5941 3962 1694 5716 2551 6744 4405 8067 2867 1409 802 4323 4956 2800 2705 2322 6451 7631 3274 3631 4755 749 4750 1286 7230 2468 2646 7124 5536 7535 5280 5614 215 4061 2459 4801 7610 6230 2385 7668 1157 229 1443 5073 4515 2480 4291 2240 3234 6994 7038 2898 8017 1535 759 2830 2857 3638 6296 4349 2921 2317 7252 6605 5406 936 293 2017 4476 4081 1096 4467 6559 8055 6013 5205 7948 4320 8029 5640 6882 4480 3141 4870 5651 1852 5644 5242 5620 3887 5878 6267 5322 2522 6229 5772 3848 4096 71 233 1748 7555 5432 4003 406 4914 1568 4990 1619 1391 4313 7554 5813 2525 5050 1193 953 500 5668 3201 7028 3247 475 1086 5637 1115 7990 7146 7189 2613 5015 1359 5236 4038 716 3943 5207 4214 4576 4860 7279 6449 4350 1485 6529 5837 6676 6233 7440 6601 7910 7525 4932 4059 5795 1124 5066 1028 4389 3915 2393 6185 2534 5750 7323 544 927 3612 5395 5659 1251 873 6937 2160 3732 1335 6867 7684 7217 1857 109 3183 1570 3633 7868 268 134 6340 7113 1585 1592 2129 812 810 4171 7304 5865 1920 6722 3128 6628 6534 1300 448 4560 310 7155 2214 2819 6659 5488 1641 2466 522 1341 7552 3613 3135 7755 2571 6203 2993 4080 6070 2231 5594 3900 3154 7419 2409 3859 6904 3937 1170 5650 4012 2433 6663 2077 4935 5618 7813 4218 2060 563 1299 4210 5942 8112 5563 2213 5359 7068 3660 5024 7495 3053 6889 548 8028 2413 4446 5019 6827 2183 3106 7505 2567 7824 1969 4809 2815 3077 7228 3306 3988 3281 3399 7462 67 6174 4608 2014 7579 4485 3060 5275 7648 6219 5715 720 2624 6941 3321 5099 1697 7601 6208 1952 3618 1390 1137 4513 7468 1926 6044 7024 1610 3374 1348 3703 1150 4201 637 3046 2202 1763 4216 3449 7247 8123 8165 2923 992 5693 3130 4045 4283 933 2979 7417 6454 512 1151 4086 1611 2117 1888 3521 6150 7806 5329 6969 6440 3964 4358 4651 2398 1176 37 7240 5886 1948 4404 4665 3702 7421 4923 6964 73 1047 2994 5944 2977 4212 7746 2724 3829 2523 1138 2339 6256 4633 6585 7007 4433 4737 6483 5264 5174 3181 2375 3177 355 7898 3599 738 3734 5339 2833 211 6814 1820 1629 3082 2238 6767 1383 8106 1347 6863 2163 4126 3525 4968 3819 1458 2881 6367 3125 5441 677 921 2387 1186 7638 7762 6521 7321 3460 2032 6357 6833 1918 5518 1432 7312 897 1272 4223 2684 7480 5858 5075 1048 1534 2942 1162 1222 5588 3246 2609 1329 7394 5152 6541 3892 4742 4054 6582 4897 948 7540 5033 3428 3484 2386 2944 7649 6151 24 7405 6222 6096 5611 887 7334 8119 4219 1211 3722 6206 2847 3303 793 3485 334 7403 1710 837 5047 7572 2773 3126 3685 281 4085 4372 6798 4234 8131 3205 5530 3368 2740 4146 2575 4992 4064 4163 2467 7690 4075 63 5023 3342 1166 408 1572 5064 537 3254 7172 5162 6310 5533 503 6780 4356 6056 6796 6355 7328 57 1541 346 7611 2725 8002 6839 4108 622 5787 1327 560 5933 4748 5735 615 151 6243 3023 7929 3753 2178 2137 5547 5893 7717 2607 1862 4166 3574 5857 5013 327 7852 7280 4710 2762 5234 5696 1056 1967 7847 2622 4470 2884 7109 7410 3997 2115 415 7512 340 2320 6922 4483 1381 898 1740 7091 6051 2544 6469 5425 3872 7899 4684 1053 3117 1793 5069 6638 1814 1469 3049 5143 1246 7442 2428 601 5326 162 4958 1968 2757 2318 6809 4682 2518 6568 5866 5256 2604 1993 7356 7284 616 1398 2478 7401 5687 4089 4265 3188 4299 2175 1208 6216 2600 7656 1660 2983 1830 3993 2313 4520 748 7283 7707 3684 4540 1040 1387 1877 5219 3295 1949 4724 3083 1953 2599 6928 2529 3691 431 3567 6048 4583 1846 2946 2497 4670 6314 6726 5428 92 1666 711 2822 1591 5333 2996 1289 155 1185 4324 673 3611 7393 3099 7214 8155 5792 333 2781 4340 3607 5101 328 436 961 7567 1735 4632 5035 2075 102 6751 3604 2962 2130 6448 858 4042 6045 2719 6860 6083 4622 3215 301 5065 1292 1475 5519 2055 2007 5709 7634 459 4630 7526 2157 1184 1630 4362 6962 2438 949 3531 5481 4882 539 1213 361 3659 3500 5898 5002 2557 4134 6039 6812 345 2031 6201 6538 4180 2328 5529 3765 157 6386 4886 5466 4495 5608 4940 2407 124 7369 2472 5790 277 5713 6485 1966 219 6467 1960 3016 3756 6558 6713 4381 1509 6947 7471 4768 3959 724 7946 1704 6470 6555 4959 7892 3810 5526 4183 1865 3690 6095 3640 2558 6662 4429 3863 5771 1730 3252 2292 1824 4927 6126 4848 3298 5473 424 7366 7165 6184 3497 6911 1955 44 485 7547 5446 1676 4930 3200 2514 5462 1281 5142 7991 139 7544 2675 184 7355 2109 2597 4161 4761 652 1549 2434 2198 3336 2961 6387 1071 4971 5755 2004 1380 4752 3365 1293 7568 1762 3157 1667 6999 6570 6609 7676 5811 1029 2863 7507 7131 6876 7374 524 986 644 1148 4949 2453 5752 5229 1384 1160 3801 4777 1011 5119 4825 3432 946 3697 1420 1287 6053 5749 739 3024 3800 4400 4220 7092 2610 5472 7987 602 3280 5172 2880 7508 3610 943 5342 6235 84 271 1601 7441 7289 6593 3068 5600 3493 2256 4918 5741 690 7213 938 5860 4217 3093 564 5739 1723 3569 6760 5780 1023 3108 5521 889 5225 672 6775 1278 5380 5949 4029 6114 4360 6319 631 527 2900 7029 4408 3906 3985 1025 17 7487 6488 7181 5643 5246 828 5394 5770 3133 6225 3404 4204 5373 1987 3388 7399 5654 7102 7456 7120 8163 7080 4667 4292 4116 4079 6607 3248 4258 7983 2046 7841 4552 3372 2227 7797 806 6524 5501 4369 914 5962 5667 7768 814 6689 4797 3745 6119 5018 7846 6830 5989 5476 2126 292 2427 4502 5580 4645 4561 6817 2441 1898 2305 7949 2362 5997 7886 588 6846 7744 1262 4447 2276 114 4876 7314 3558 4174 4046 516 5283 3327 6077 7855 7723 1656 4415 4479 2408 7354 3950 1360 7722 6190 2188 6966 5994 2663 3625 6153 4236 3102 6606 246 6952 348 5483 43 4229 5975 3844 7127 8085 1674 799 2784 4083 5638 3802 254 2432 7845 7141 4418 2649 5111 2003 1123 4334 7543 7370 1816 5993 4824 2562 6108 4634 3175 7750 5331 2099 7937 6681 7451 5995 7096 7619 7132 7325 5411 430 4803 7415 6633 4867 6861 7539 3901 265 7003 6504 2698 3212 2457 7800 1375 7908 5414 3461 6674 2764 5856 830 287 1574 1153 8040 304 7301 3114 2111 4664 5775 131 1578 5817 4793 6868 999 7159 7345 2 4573 5464 2816 618 1075 4661 2799 4472 5038 4205 7657 1527 4917 1095 2580 5059 5642 2399 5124 5305 5468 6604 1976 841 3375 3400 1064 1104 7926 5025 6728 6453 2737 5136 1178 5039 4543 3405 2179 7951 1703 2237 864 1355 6802 7212 285 5076 2120 3441 4928 916 1770 187 5781 6064 6106 464 5097 670 4795 1925 2951 3807 6847 5001 3871 7557 6723 5351 7753 7646 7404 5154 4402 3415 2579 3815 2263 3573 3162 3846 7761 7057 3339 4895 6636 2602 6620 5688 335 319 5507 6330 4554 3590 3097 6808 1106 3814 6599 4771 4254 5948 3961 4546 4455 3397 6337 7829 712 1738 7883 592 5471 1699 8043 6749 7145 177 7779 497 2356 6732 7765 6282 4028 400 5919 2008 7095 2037 4978 6476 4194 2054 6910 4708 8044 5491 2025 1239 915 639 6968 1687 4662 6242 5269 2097 7208 7027 3086 6716 7665 7008 1143 7388 112 2975 7305 1052 2350 4115 3167 6635 3472 4647 4571 6908 3420 7282 4653 6063 1571 2184 549 2364 710 1382 2189 6509 3293 3285 7045 3367 2528 4883 906 7482 6073 2344 3179 824 1982 4671 6650 3001 6887 3360 2254 3446 5998 8102 944 4531 6146 1935 3029 6055 3654 5108 3464 2342 2391 2479 7633 2171 7241 4417 5245 383 1076 6261 78 3566 4023 1624 3698 4754 7616 764 1245 4975 7464 7056 2798 718 5675 7330 1897 5399 4907 958 2424 593 7782 5098 82 1241 5883 6173 4988 1000 3051 2553 2255 7742 2101 7721 3546 8136 6930 1494 2943 7365 5899 731 5186 1204 6864 446 3963 158 2266 2030 460 2922 912 4654 6981 1055 7652 2133 160 4242 2027 4125 8122 2446 5833 3346 2655 6223 343 4991 6248 49 5293 270 6598 1950 7522 730 657 1395 2630 4421 765 3730 4678 321 3945 7888 4730 2831 4469 7697 89 4638 7938 5103 3555 6273 1149 2652 6557 2368 212 2965 5511 6366 7618 3704 7730 6658 2073 8025 7743 4649 6147 7826 7193 4529 997 4692 1994 4118 3153 4114 7562 2521 3059 826 2637 570 5785 1477 3330 1099 7574 2716 1580 7628 3975 6320 1720 8059 7453 7449 629 4976 6704 1250 7935 2572 4679 3311 7581 5020 6691 5701 6037 6600 303 133 4453 6439 2713 4179 493 1016 2875 6428 6084 2854 258 6406 7866 576 2605 5289 3217 7043 1884 1733 3341 4129 1668 5149 111 4677 6226 2768 2807 7546 6309 1755 3270 1058 7963 1373 3570 7703 4425 3634 6712 7731 6917 3923 5727 435 5791 1854 1722 488 2561 1285 5887 7196 3070 1756 3166 4156 4464 6592 7483 5071 207 2750 7248 305 4650 713 5405 2748 7986 1679 2499 6029 311 7869 1496 4474 3418 7014 6838 2520 510 3504 847 1273 3973 481 2554 376 496 7600 4498 1663 413 7604 4366 3176 7048 5807 2691 3927 1626 6061 4082 6025 7418 4542 1696 1581 5309 6927 7740 5157 2879 3107 2895 4790 4149 1036 1486 4715 7017 7925 2971 4721 951 7309 4709 4626 4280 5284 1934 2044 6232 6975 7760 1344 5515 6987 6120 3852 1439 6437 7200 3511 6094 3933 3589 5670 3195 7059 5514 4068 492 402 2536 1921 482 4187 1465 4713 5282 4578 3357 3361 208 4787 3932 7152 1165 4905 4687 4355 6495 6475 5684 1199 4764 6383 166 3648 5092 7271 1728 1088 6285 6629 1128 571 3847 5906 1868 3579 5543 4577 6486 2079 6196 118 7822 4030 4704 4736 3119 6164 2149 1682 4706 1142 7246 1587 3947 1908 6757 1737 3266 3644 1491 6099 7188 3680 2212 5888 5445 6135 7455 7347 6464 6854 962 2293 3229 6596 8036 6238 2089 1522 2503 6175 1365 2370 2128 6302 584 4756 7942 5987 5475 5759 337 1074 4097 5426 6844 3617 1992 2623 4384 4016 6268 6265 3299 2286 3725 5230 1789 664 6298 7192 1783 6888 6433 3161 5623 7996 7473 1943 5492 945 128 3043 1012 1910 3022 3139 2897 926 4912 4727 5072 5372 5776 79 1298 5910 6395 5982 3187 2913 5403 2941 3641 7311 5300 5032 7349 2689 1892 5385 4925 3749 5765 2693 608 4069 5760 3165 6631 4193 792 6301 2546 4098 3736 798 5835 1700 5006 1033 2196 6898 2477 3120 2780 6390 2233 4158 7709 905 6630 5732 5081 6263 6131 384 4590 2250 7865 25 3276 5756 3830 2080 1980 1077 4393 1942 4725 6331 3821 7431 1343 3983 4248 6430 4332 4005 5216 5541 762 6401 373 5986 8117 4663 3314 14 1495 3103 971 4164 4139 1915 3414 4230 3602 6343 6145 3824 4890 1217 357 766 2152 6594 35 2358 3381 5868 2297 5129 1205 7599 6009 5122 2826 1556 5548 800 3232 978 4712 2702 1900 1013 659 6768 8142 7341 6949 4732 1712 2794 478 7026 6258 3431 4965 7769 5217 7470 3849 20 4696 6924 5214 4232 7504 4772 2200 5564 4505 3541 5448 3668 7873 7437 2911 6543 6533 1692 5800 3236 5705 6508 1331 4834 561 5970 2736 5266 6694 4938 5932 1539 7290 6810 1754 856 3160 2686 6288 7597 195 4995 6816 2251 4288 3481 4942 972 1874 7962 6489 146 3326 2047 3350 7002 533 3445 1933 8083 2211 7333 2966 5000 6210 1180 612 5273 697 7964 7291 6022 2795 7982 2938 4735 126 2791 7206 6782 7923 844 2110 31 4386 1808 2033 2919 7788 790 4850 2565 3452 2688 2590 1719 705 1454 1636 1617 4293 2808 5452 2862 842 2734 6794 1883 6459 3828 5959 3028 5352 5159 7564 1705 3653 3999 4753 3789 3263 4738 6735 2295 4370 5474 803 521 3514 1482 1228 8164 5958 504 5078 5274 3885 4893 7258 1860 1764 5809 3758 7137 1753 2778 2492 3506 1127 4672 2709 2933 2352 636 1139 7615 6125 4572 7454 6892 1043 6862 8160 1145 7518 486 4666 5885 845 3371 5277 4493 2860 1919 789 4463 4760 6677 6784 4541 5707 5336 1065 4269 6721 239 3269 2587 3632 2679 442 832 3061 8012 7903 1959 849 2566 721 3494 2312 6128 1473 4279 885 2148 4641 145 4831 222 1890 4478 4693 1906 3373 6335 1647 5265 368 1192 3700 3972 2559 4297 4337 5146 3728 4640 3290 1489 6634 6954 3089 3366 3679 2219 3838 7178 1848 1721 1200 3463 5612 213 7044 1264 2785 2155 259 106 7939 64 617 32 7184 838 2489 5361 4500 4252 6388 3447 3907 947 7481 6089 1259 3550 6348 3438 5358 4686 1599 4567 7870 495 3751 5374 1604 3483 6257 1412 5021 5730 338 940 5930 4596 7381 4424 1109 5646 2726 4388 2065 6850 296 7710 75 5578 3510 353 3216 7694 6002 4972 5836 2410 7012 5960 3652 7326 4668 1707 6484 729 2247 2105 6493 203 3358 7472 3965 861 6397 6403 3398 7808 55 1563 2494 2738 7758 2668 3548 4266 1577 2379 2302 2084 1896 4445 4182 5762 7524 4523 3747 7386 4027 8008 206 2866 7997 4547 5540 1946 5561 7655 2300 5104 2552 3794 4618 6878 598 1598 7255 7166 650 6825 4674 6951 4451 8022 3978 2217 3096 1716 2576 6737 3843 404 6787 3917 8114 3575 2674 4122 4536 6527 5164 1399 7921 778 6731 3811 7050 2787 4173 7772 7592 4792 4807 507 6214 1163 5195 6701 6857 4582 2647 1060 4527 603 6152 1836 1817 7229 594 6506 7005 6117 896 871 6260 2381 624 4319 1015 6192 7461 688 5662 2871 6421 1555 5615 4705 1745 1161 3261 919 5084 2051 3143 6046 7168 307 2982 5736 6790 6035 6447 5717 6918 7891 546 5022 6004 8074 656 3771 4922 7087 5610 6240 2176 7954 2201 6705 1459 70 4131 3477 231 3423 6423 138 2406 5747 2064 3639 1855 7226 5357 1317 341 5952 3433 2069 4929 1870 4624 3010 4475 7531 6841 923 1183 1187 818 6211 4304 3723 4176 2968 8134 4078 1022 1521 555 4739 6500 3109 4260 7849 2437 6141 6665 4186 2639 5889 5323 6369 5627 202 3223 7745 6289 7329 6207 2068 7749 3991 5698 3171 747 7013 4544 1847 6668 506 5535 7136 5258 2914 3062 1007 7030 5270 5060 1727 2620 7861 1323 267 1977 438 3615 7500 2405 1089 6920 1751 4141 201 6946 7112 1108 1772 2842 1421 7960 6615 4396 5288 3551 2550 4107 5873 2416 4409 2085 7303 5940 6333 6396 5961 2703 5737 7605 1276 3529 1701 7528 1835 7556 8148 440 6765 1167 7820 934 5769 2829 5532 8069 4685 52 969 7679 4508 4208 1986 4984 4308 6640 7623 1612 5577 1435 7427 6032 6579 5990 243 7952 168 6293 7103 1634 4284 8149 3970 6806 3286 137 1100 6608 7984 7773 1282 2400 1785 5676 4088 115 1134 3544 7358 6702 6940 745 3345 4344 3333 7036 2197 2223 2244 6015 4842 2509 3757 3257 1708 1839 7382 882 2106 5645 2673 1364 7537 294 7318 2569 7332 4203 6198 920 1131 4695 4658 3279 7154 7439 5484 5118 2325 2722 8014 2112 5435 5602 6526 5828 7708 1354 8097 3490 694 6171 7791 5649 6822 163 5573 4127 5939 8121 8146 4601 7176 2059 6960 4286 6027 2165 6416 2074 1575 1280 7896 4597 3442 324 706 877 4644 5067 4459 6849 4375 4652 3207 3729 5263 6645 4111 557 6682 4609 4487 1307 4729 5956 3981 6779 7135 2560 7244 1761 6747 4070 3455 1895 4257 7819 2774 7530 3225 3448 326 6287 6417 6239 1224 3543 4859 7400 4105 6614 7072 6163 3636 4361 6159 5215 3682 5257 669 4996 2920 60 5306 1637 3292 2670 2485 558 5852 6764 6227 3134 1546 5740 983 6942 801 5554 6111 699 2818 2076 2892 2009 116 6123 3384 3926 7254 6586 7055 7912 3430 122 7297 7735 1702 6886 4944 7881 696 6202 2013 7698 6944 1024 7084 386 8005 3026 4330 5700 6686 3948 7686 8090 2890 5158 1644 3480 182 5832 807 7197 5480 1922 5497 3242 7995 5093 2918 3782 1238 3681 4757 993 1690 5909 6762 4026 2969 2096 7588 11 6231 786 3727 5431 3451 6407 420 3594 7199 6393 3101 3014 5240 7766 3129 1337 6450 5344 867 8135 7104 538 1912 3287 1652 6075 7336 4931 4305 4379 4503 4329 7569 5892 5036 339 3934 6680 888 3231 3742 6703 1019 991 3182 6277 498 7390 5904 547 662 7967 3940 1886 4781 2601 5744 6897 1537 4774 6426 2885 3582 3142 1818 5335 3629 5525 1338 6255 565 1480 6905 8080 6836 3564 7598 1243 4213 4321 5559 2484 7786 1711 377 6154 3519 5734 7211 3645 7516 5806 5096 2277 5334 4436 2751 1706 3359 5479 3537 3 4095 5655 876 7032 3495 4555 1290 2253 1266 6427 2926 2838 1790 3630 7644 5631 3469 6236 6365 7296 7256 6102 196 3211 159 6685 3619 7353 4461 808 5041 4821 3760 1998 291 4106 4954 5370 2306 7049 7380 7585 4152 6742 23 4199 7971 7994 7771 3835 2315 1880 1501 6492 2976 5363 7635 1965 130 4189 3861 1189 397 54 141 1691 960 3762 1685 1990 1962 1039 7337 7889 683 3437 975 3268 813 1510 2144 3563 235 6294 5442 3113 6610 3020 1027 5697 5102 3971 104 5842 1472 676 6700 4656 3136 5458 5454 3198 197 6548 1914 7825 604 4062 6544 2891 6246 5963 4617 378 3780 194 2902 4584 6494 332 4178 2845 6783 5869 987 1429 4442 722 6967 632 4566 6127 520 1557 5478 6761 3033 8109 1670 1404 445 224 6851 2519 3355 4703 6375 4993 3474 5953 6336 5794 3748 4726 3459 4599 4460 4314 2426 7000 2648 5980 2970 4767 5996 7502 2086 4955 2180 4206 2711 4268 787 3148 2487 5764 2005 1442 600 1304 4751 1464 5153 2664 3935 1739 5664 4198 428 6840 94 647 6381 7890 4119 5946 3717 2992 2660 7872 8001 2733 2616 4810 7115 2789 5262 884 4763 3356 2028 1001 1507 4351 1518 6923 2273 6992 7117 2790 1218 3808 3627 7812 5430 4994 3816 3804 7732 38 5841 5629 5718 5080 1995 1136 2057 2401 1650 1140 1768 5731 3004 1402 8071 4065 2043 3866 2694 862 1263 728 6587 351 1242 3382 1809 6323 4946 1041 1649 1750 4328 665 976 7835 1018 7777 7980 3501 172 3473 3881 6168 227 5248 4926 2669 147 628 1648 4175 3380 7570 401 5400 5692 3042 1279 1864 1543 5767 3650 309 878 3123 5695 6442 2173 2372 2741 1371 5777 7195 1979 5268 6200 3914 6769 4983 929 2284 7223 2850 1080 7436 4722 5685 3271 7787 5582 3411 6425 7180 6673 299 7064 6130 5539 1182 1114 5421 1938 6082 1553 1305 7058 4873 7299 1120 1583 2185 2482 1394 6110 5568 630 2049 3462 5422 4539 3349 3616 781 2886 660 1625 3310 2167 6463 2311 1513 2495 6101 1826 1092 1508 5895 6197 6370 2279 5967 7037 53 1514 5176 5279 3027 5663 6380 6177 5297 6311 3673 6305 3738 3513 6259 7438 5457 6054 1487 3354 2156 1680 8033 3509 7497 3050 2281 3288 6040 2586 3152 7286 771 6477 2404 7446 3164 5392 5027 2958 364 1363 1227 4395 6567 7287 1529 7752 290 5031 2481 3836 4051 892 4155 5160 2682 4758 3076 372 5116 183 76 1801 2592 6412 8093 6274 1684 8166 6137 4431 3637 2749 1063 4635 3308 725 910 7998 7774 3396 4610 2801 714 3378 5936 4749 4628 5502 85 1144 379 1596 366 5954 1483 823 4017 1008 853 87 6855 6740 193 1564 2864 7376 3402 4281 6883 5788 3805 2403 4335 5191 6156 1881 4512 6215 7219 2150 6023 135 6875 2756 8118 2456 4526 6540 7169 8100 5601 3938 2667 2735 4919 2143 4904 2677 2746 7973 5384 4920 891 6074 3512 1226 1717 6218 8072 263 3262 6738 3708 4880 4827 2166 7227 5658 2617 3875 150 4639 2019 7729 2471 1899 4309 3761 6134 2140 5444 3584 4808 2194 2415 2465 7609 7802 6434 4147 6554 191 2797 5429 7906 7959 4482 4143 3825 540 5397 7011 984 1885 6262 772 5382 3598 5228 6496 3012 5549 5985 1904 5310 7460 4488 1964 7958 5786 7167 1230 2169 2718 834 2291 2153 4403 7637 5243 3635 3909 5927 4511 6079 6625 2804 2651 5710 1709 2516 2825 3319 5155 462 4937 4449 1309 7560 7931 5026 7129 7275 7985 1996 1445 1937 3626 2310 4579 27 4132 1441 4720 2930 874 825 5261 6692 2450 1777 3395 2810 5128 2018 230 6727 2248 3324 2036 4399 2543 6118 3325 4172 4295 5861 5824 7409 1410 7953 8058 2538 4746 5110 7448 6618 966 8006 1356 785 2394 4048 479 5338 5916 8157 1310 2957 1296 1057 50 6213 5976 7183 6935 2517 4655 4267 7194 7089 4660 7307 5686 382 707 8147 3479 1784 4557 5609 761 7549 4861 1889 5500 5537 5324 5581 4733 5105 4301 4854 4092 2476 7047 4519 4899 178 2588 532 2771 7260 6312
